block in append_cflags: checking for whether -std=c99 is accepted as CFLAGS... -------------------- yes

"xcrun clang -o conftest -I/Applications/Xcode.app/Contents/Developer/Platforms/MacOSX.platform/Developer/SDKs/MacOSX14.5.Internal.sdk/System/Library/Frameworks/Ruby.framework/Versions/2.6/usr/include/ruby-2.6.0/universal-darwin23 -I/Applications/Xcode.app/Contents/Developer/Platforms/MacOSX.platform/Developer/SDKs/MacOSX14.5.Internal.sdk/System/Library/Frameworks/Ruby.framework/Versions/2.6/usr/include/ruby-2.6.0/ruby/backward -I/Applications/Xcode.app/Contents/Developer/Platforms/MacOSX.platform/Developer/SDKs/MacOSX14.5.Internal.sdk/System/Library/Frameworks/Ruby.framework/Versions/2.6/usr/include/ruby-2.6.0 -I. -D_XOPEN_SOURCE -D_DARWIN_C_SOURCE -D_DARWIN_UNLIMITED_SELECT -D_REENTRANT    -g -Os -pipe -DHAVE_GCC_ATOMIC_BUILTINS -DUSE_FFI_CLOSURE_ALLOC conftest.c  -L. -L/System/Library/Frameworks/Ruby.framework/Versions/2.6/usr/lib -L. -L/AppleInternal/Library/BuildRoots/91a344b1-f985-11ee-b563-fe8bc7981bff/Applications/Xcode.app/Contents/Developer/Platforms/MacOSX.platform/Developer/SDKs/MacOSX14.5.Internal.sdk/usr/local/lib  -arch arm64e -arch x86_64   -lruby.2.6   "
ld: warning: directory not found for option '-L/AppleInternal/Library/BuildRoots/91a344b1-f985-11ee-b563-fe8bc7981bff/Applications/Xcode.app/Contents/Developer/Platforms/MacOSX.platform/Developer/SDKs/MacOSX14.5.Internal.sdk/usr/local/lib'
ld: warning: directory not found for option '-L/AppleInternal/Library/BuildRoots/91a344b1-f985-11ee-b563-fe8bc7981bff/Applications/Xcode.app/Contents/Developer/Platforms/MacOSX.platform/Developer/SDKs/MacOSX14.5.Internal.sdk/usr/local/lib'
checked program was:
/* begin */
1: #include "ruby.h"
2: 
3: int main(int argc, char **argv)
4: {
5:   return 0;
6: }
/* end */

"xcrun clang -I/Applications/Xcode.app/Contents/Developer/Platforms/MacOSX.platform/Developer/SDKs/MacOSX14.5.Internal.sdk/System/Library/Frameworks/Ruby.framework/Versions/2.6/usr/include/ruby-2.6.0/universal-darwin23 -I/Applications/Xcode.app/Contents/Developer/Platforms/MacOSX.platform/Developer/SDKs/MacOSX14.5.Internal.sdk/System/Library/Frameworks/Ruby.framework/Versions/2.6/usr/include/ruby-2.6.0/ruby/backward -I/Applications/Xcode.app/Contents/Developer/Platforms/MacOSX.platform/Developer/SDKs/MacOSX14.5.Internal.sdk/System/Library/Frameworks/Ruby.framework/Versions/2.6/usr/include/ruby-2.6.0 -I. -D_XOPEN_SOURCE -D_DARWIN_C_SOURCE -D_DARWIN_UNLIMITED_SELECT -D_REENTRANT    -g -Os -pipe -DHAVE_GCC_ATOMIC_BUILTINS -DUSE_FFI_CLOSURE_ALLOC -arch arm64e -arch x86_64 -std=c99 -c conftest.c"
checked program was:
/* begin */
1: #include "ruby.h"
2: 
3: int main(int argc, char **argv)
4: {
5:   return 0;
6: }
/* end */

--------------------

block in append_cflags: checking for whether -Wno-declaration-after-statement is accepted as CFLAGS... -------------------- yes

"xcrun clang -I/Applications/Xcode.app/Contents/Developer/Platforms/MacOSX.platform/Developer/SDKs/MacOSX14.5.Internal.sdk/System/Library/Frameworks/Ruby.framework/Versions/2.6/usr/include/ruby-2.6.0/universal-darwin23 -I/Applications/Xcode.app/Contents/Developer/Platforms/MacOSX.platform/Developer/SDKs/MacOSX14.5.Internal.sdk/System/Library/Frameworks/Ruby.framework/Versions/2.6/usr/include/ruby-2.6.0/ruby/backward -I/Applications/Xcode.app/Contents/Developer/Platforms/MacOSX.platform/Developer/SDKs/MacOSX14.5.Internal.sdk/System/Library/Frameworks/Ruby.framework/Versions/2.6/usr/include/ruby-2.6.0 -I. -D_XOPEN_SOURCE -D_DARWIN_C_SOURCE -D_DARWIN_UNLIMITED_SELECT -D_REENTRANT    -g -Os -pipe -DHAVE_GCC_ATOMIC_BUILTINS -DUSE_FFI_CLOSURE_ALLOC -std=c99 -arch arm64e -arch x86_64 -Wno-declaration-after-statement -c conftest.c"
checked program was:
/* begin */
1: #include "ruby.h"
2: 
3: int main(int argc, char **argv)
4: {
5:   return 0;
6: }
/* end */

--------------------

block in append_cflags: checking for whether -g is accepted as CFLAGS... -------------------- yes

"xcrun clang -I/Applications/Xcode.app/Contents/Developer/Platforms/MacOSX.platform/Developer/SDKs/MacOSX14.5.Internal.sdk/System/Library/Frameworks/Ruby.framework/Versions/2.6/usr/include/ruby-2.6.0/universal-darwin23 -I/Applications/Xcode.app/Contents/Developer/Platforms/MacOSX.platform/Developer/SDKs/MacOSX14.5.Internal.sdk/System/Library/Frameworks/Ruby.framework/Versions/2.6/usr/include/ruby-2.6.0/ruby/backward -I/Applications/Xcode.app/Contents/Developer/Platforms/MacOSX.platform/Developer/SDKs/MacOSX14.5.Internal.sdk/System/Library/Frameworks/Ruby.framework/Versions/2.6/usr/include/ruby-2.6.0 -I. -D_XOPEN_SOURCE -D_DARWIN_C_SOURCE -D_DARWIN_UNLIMITED_SELECT -D_REENTRANT    -g -Os -pipe -DHAVE_GCC_ATOMIC_BUILTINS -DUSE_FFI_CLOSURE_ALLOC -std=c99 -Wno-declaration-after-statement -arch arm64e -arch x86_64 -g -c conftest.c"
checked program was:
/* begin */
1: #include "ruby.h"
2: 
3: int main(int argc, char **argv)
4: {
5:   return 0;
6: }
/* end */

--------------------

block in append_cflags: checking for whether -Winline is accepted as CFLAGS... -------------------- yes

"xcrun clang -I/Applications/Xcode.app/Contents/Developer/Platforms/MacOSX.platform/Developer/SDKs/MacOSX14.5.Internal.sdk/System/Library/Frameworks/Ruby.framework/Versions/2.6/usr/include/ruby-2.6.0/universal-darwin23 -I/Applications/Xcode.app/Contents/Developer/Platforms/MacOSX.platform/Developer/SDKs/MacOSX14.5.Internal.sdk/System/Library/Frameworks/Ruby.framework/Versions/2.6/usr/include/ruby-2.6.0/ruby/backward -I/Applications/Xcode.app/Contents/Developer/Platforms/MacOSX.platform/Developer/SDKs/MacOSX14.5.Internal.sdk/System/Library/Frameworks/Ruby.framework/Versions/2.6/usr/include/ruby-2.6.0 -I. -D_XOPEN_SOURCE -D_DARWIN_C_SOURCE -D_DARWIN_UNLIMITED_SELECT -D_REENTRANT    -g -Os -pipe -DHAVE_GCC_ATOMIC_BUILTINS -DUSE_FFI_CLOSURE_ALLOC -std=c99 -Wno-declaration-after-statement -g -arch arm64e -arch x86_64 -Winline -c conftest.c"
checked program was:
/* begin */
1: #include "ruby.h"
2: 
3: int main(int argc, char **argv)
4: {
5:   return 0;
6: }
/* end */

--------------------

block in append_cflags: checking for whether -Wmissing-noreturn is accepted as CFLAGS... -------------------- yes

"xcrun clang -I/Applications/Xcode.app/Contents/Developer/Platforms/MacOSX.platform/Developer/SDKs/MacOSX14.5.Internal.sdk/System/Library/Frameworks/Ruby.framework/Versions/2.6/usr/include/ruby-2.6.0/universal-darwin23 -I/Applications/Xcode.app/Contents/Developer/Platforms/MacOSX.platform/Developer/SDKs/MacOSX14.5.Internal.sdk/System/Library/Frameworks/Ruby.framework/Versions/2.6/usr/include/ruby-2.6.0/ruby/backward -I/Applications/Xcode.app/Contents/Developer/Platforms/MacOSX.platform/Developer/SDKs/MacOSX14.5.Internal.sdk/System/Library/Frameworks/Ruby.framework/Versions/2.6/usr/include/ruby-2.6.0 -I. -D_XOPEN_SOURCE -D_DARWIN_C_SOURCE -D_DARWIN_UNLIMITED_SELECT -D_REENTRANT    -g -Os -pipe -DHAVE_GCC_ATOMIC_BUILTINS -DUSE_FFI_CLOSURE_ALLOC -std=c99 -Wno-declaration-after-statement -g -Winline -arch arm64e -arch x86_64 -Wmissing-noreturn -c conftest.c"
checked program was:
/* begin */
1: #include "ruby.h"
2: 
3: int main(int argc, char **argv)
4: {
5:   return 0;
6: }
/* end */

--------------------

block in append_cflags: checking for whether -Wno-error=unused-command-line-argument-hard-error-in-future is accepted as CFLAGS... -------------------- no

"xcrun clang -I/Applications/Xcode.app/Contents/Developer/Platforms/MacOSX.platform/Developer/SDKs/MacOSX14.5.Internal.sdk/System/Library/Frameworks/Ruby.framework/Versions/2.6/usr/include/ruby-2.6.0/universal-darwin23 -I/Applications/Xcode.app/Contents/Developer/Platforms/MacOSX.platform/Developer/SDKs/MacOSX14.5.Internal.sdk/System/Library/Frameworks/Ruby.framework/Versions/2.6/usr/include/ruby-2.6.0/ruby/backward -I/Applications/Xcode.app/Contents/Developer/Platforms/MacOSX.platform/Developer/SDKs/MacOSX14.5.Internal.sdk/System/Library/Frameworks/Ruby.framework/Versions/2.6/usr/include/ruby-2.6.0 -I. -D_XOPEN_SOURCE -D_DARWIN_C_SOURCE -D_DARWIN_UNLIMITED_SELECT -D_REENTRANT    -g -Os -pipe -DHAVE_GCC_ATOMIC_BUILTINS -DUSE_FFI_CLOSURE_ALLOC -std=c99 -Wno-declaration-after-statement -g -Winline -Wmissing-noreturn -arch arm64e -arch x86_64 -Wno-error=unused-command-line-argument-hard-error-in-future -c conftest.c"
warning: unknown warning option '-Werror=unused-command-line-argument-hard-error-in-future'; did you mean '-Werror=unused-command-line-argument'? [-Wunknown-warning-option]
1 warning generated.
warning: unknown warning option '-Werror=unused-command-line-argument-hard-error-in-future'; did you mean '-Werror=unused-command-line-argument'? [-Wunknown-warning-option]
1 warning generated.
checked program was:
/* begin */
1: #include "ruby.h"
2: 
3: int main(int argc, char **argv)
4: {
5:   return 0;
6: }
/* end */

--------------------

have_library: checking for gzdopen() in -lz... -------------------- yes

"xcrun clang -o conftest -I/Applications/Xcode.app/Contents/Developer/Platforms/MacOSX.platform/Developer/SDKs/MacOSX14.5.Internal.sdk/System/Library/Frameworks/Ruby.framework/Versions/2.6/usr/include/ruby-2.6.0/universal-darwin23 -I/Applications/Xcode.app/Contents/Developer/Platforms/MacOSX.platform/Developer/SDKs/MacOSX14.5.Internal.sdk/System/Library/Frameworks/Ruby.framework/Versions/2.6/usr/include/ruby-2.6.0/ruby/backward -I/Applications/Xcode.app/Contents/Developer/Platforms/MacOSX.platform/Developer/SDKs/MacOSX14.5.Internal.sdk/System/Library/Frameworks/Ruby.framework/Versions/2.6/usr/include/ruby-2.6.0 -I. -D_XOPEN_SOURCE -D_DARWIN_C_SOURCE -D_DARWIN_UNLIMITED_SELECT -D_REENTRANT    -g -Os -pipe -DHAVE_GCC_ATOMIC_BUILTINS -DUSE_FFI_CLOSURE_ALLOC -std=c99 -Wno-declaration-after-statement -g -Winline -Wmissing-noreturn conftest.c  -L. -L/System/Library/Frameworks/Ruby.framework/Versions/2.6/usr/lib -L. -L/AppleInternal/Library/BuildRoots/91a344b1-f985-11ee-b563-fe8bc7981bff/Applications/Xcode.app/Contents/Developer/Platforms/MacOSX.platform/Developer/SDKs/MacOSX14.5.Internal.sdk/usr/local/lib  -arch arm64e -arch x86_64   -lruby.2.6 -lz   "
ld: warning: directory not found for option '-L/AppleInternal/Library/BuildRoots/91a344b1-f985-11ee-b563-fe8bc7981bff/Applications/Xcode.app/Contents/Developer/Platforms/MacOSX.platform/Developer/SDKs/MacOSX14.5.Internal.sdk/usr/local/lib'
ld: warning: directory not found for option '-L/AppleInternal/Library/BuildRoots/91a344b1-f985-11ee-b563-fe8bc7981bff/Applications/Xcode.app/Contents/Developer/Platforms/MacOSX.platform/Developer/SDKs/MacOSX14.5.Internal.sdk/usr/local/lib'
checked program was:
/* begin */
 1: #include "ruby.h"
 2: 
 3: #include <zlib.h>
 4: 
 5: /*top*/
 6: extern int t(void);
 7: int main(int argc, char **argv)
 8: {
 9:   if (argc > 1000000) {
10:     int (* volatile tp)(void)=(int (*)(void))&t;
11:     printf("%d", (*tp)());
12:   }
13: 
14:   return 0;
15: }
16: int t(void) { void ((*volatile p)()); p = (void ((*)()))gzdopen; return !p; }
/* end */

--------------------

have_library: checking for xmlParseDoc() in -lxml2... -------------------- yes

"xcrun clang -o conftest -I/Applications/Xcode.app/Contents/Developer/Platforms/MacOSX.platform/Developer/SDKs/MacOSX14.5.Internal.sdk/System/Library/Frameworks/Ruby.framework/Versions/2.6/usr/include/ruby-2.6.0/universal-darwin23 -I/Applications/Xcode.app/Contents/Developer/Platforms/MacOSX.platform/Developer/SDKs/MacOSX14.5.Internal.sdk/System/Library/Frameworks/Ruby.framework/Versions/2.6/usr/include/ruby-2.6.0/ruby/backward -I/Applications/Xcode.app/Contents/Developer/Platforms/MacOSX.platform/Developer/SDKs/MacOSX14.5.Internal.sdk/System/Library/Frameworks/Ruby.framework/Versions/2.6/usr/include/ruby-2.6.0 -I. -I/Applications/Xcode.app/Contents/Developer/Platforms/MacOSX.platform/Developer/SDKs/MacOSX14.5.Internal.sdk/usr/include/libxml2 -D_XOPEN_SOURCE -D_DARWIN_C_SOURCE -D_DARWIN_UNLIMITED_SELECT -D_REENTRANT    -g -Os -pipe -DHAVE_GCC_ATOMIC_BUILTINS -DUSE_FFI_CLOSURE_ALLOC -std=c99 -Wno-declaration-after-statement -g -Winline -Wmissing-noreturn conftest.c  -L. -L/System/Library/Frameworks/Ruby.framework/Versions/2.6/usr/lib -L/Applications/Xcode.app/Contents/Developer/Platforms/MacOSX.platform/Developer/SDKs/MacOSX14.5.Internal.sdk/usr/lib -L. -L/AppleInternal/Library/BuildRoots/91a344b1-f985-11ee-b563-fe8bc7981bff/Applications/Xcode.app/Contents/Developer/Platforms/MacOSX.platform/Developer/SDKs/MacOSX14.5.Internal.sdk/usr/local/lib  -arch arm64e -arch x86_64  -lz  -lruby.2.6 -lxml2 -lz   "
ld: warning: directory not found for option '-L/AppleInternal/Library/BuildRoots/91a344b1-f985-11ee-b563-fe8bc7981bff/Applications/Xcode.app/Contents/Developer/Platforms/MacOSX.platform/Developer/SDKs/MacOSX14.5.Internal.sdk/usr/local/lib'
ld: warning: directory not found for option '-L/AppleInternal/Library/BuildRoots/91a344b1-f985-11ee-b563-fe8bc7981bff/Applications/Xcode.app/Contents/Developer/Platforms/MacOSX.platform/Developer/SDKs/MacOSX14.5.Internal.sdk/usr/local/lib'
checked program was:
/* begin */
 1: #include "ruby.h"
 2: 
 3: #include <libxml/parser.h>
 4: 
 5: /*top*/
 6: extern int t(void);
 7: int main(int argc, char **argv)
 8: {
 9:   if (argc > 1000000) {
10:     int (* volatile tp)(void)=(int (*)(void))&t;
11:     printf("%d", (*tp)());
12:   }
13: 
14:   return 0;
15: }
16: int t(void) { void ((*volatile p)()); p = (void ((*)()))xmlParseDoc; return !p; }
/* end */

--------------------

have_library: checking for xsltParseStylesheetDoc() in -lxslt... -------------------- yes

"xcrun clang -o conftest -I/Applications/Xcode.app/Contents/Developer/Platforms/MacOSX.platform/Developer/SDKs/MacOSX14.5.Internal.sdk/System/Library/Frameworks/Ruby.framework/Versions/2.6/usr/include/ruby-2.6.0/universal-darwin23 -I/Applications/Xcode.app/Contents/Developer/Platforms/MacOSX.platform/Developer/SDKs/MacOSX14.5.Internal.sdk/System/Library/Frameworks/Ruby.framework/Versions/2.6/usr/include/ruby-2.6.0/ruby/backward -I/Applications/Xcode.app/Contents/Developer/Platforms/MacOSX.platform/Developer/SDKs/MacOSX14.5.Internal.sdk/System/Library/Frameworks/Ruby.framework/Versions/2.6/usr/include/ruby-2.6.0 -I. -I/Applications/Xcode.app/Contents/Developer/Platforms/MacOSX.platform/Developer/SDKs/MacOSX14.5.Internal.sdk/usr/include -I/Applications/Xcode.app/Contents/Developer/Platforms/MacOSX.platform/Developer/SDKs/MacOSX14.5.Internal.sdk/usr/include/libxml2 -D_XOPEN_SOURCE -D_DARWIN_C_SOURCE -D_DARWIN_UNLIMITED_SELECT -D_REENTRANT    -g -Os -pipe -DHAVE_GCC_ATOMIC_BUILTINS -DUSE_FFI_CLOSURE_ALLOC -std=c99 -Wno-declaration-after-statement -g -Winline -Wmissing-noreturn conftest.c  -L. -L/System/Library/Frameworks/Ruby.framework/Versions/2.6/usr/lib -L/Applications/Xcode.app/Contents/Developer/Platforms/MacOSX.platform/Developer/SDKs/MacOSX14.5.Internal.sdk/usr/lib -L. -L/AppleInternal/Library/BuildRoots/91a344b1-f985-11ee-b563-fe8bc7981bff/Applications/Xcode.app/Contents/Developer/Platforms/MacOSX.platform/Developer/SDKs/MacOSX14.5.Internal.sdk/usr/local/lib  -arch arm64e -arch x86_64  -lxml2 -lz  -lruby.2.6 -lxslt -lxml2 -lz   "
conftest.c:16:57: error: use of undeclared identifier 'xsltParseStylesheetDoc'
int t(void) { void ((*volatile p)()); p = (void ((*)()))xsltParseStylesheetDoc; return !p; }
                                                        ^
1 error generated.
checked program was:
/* begin */
 1: #include "ruby.h"
 2: 
 3: #include <libxslt/xslt.h>
 4: 
 5: /*top*/
 6: extern int t(void);
 7: int main(int argc, char **argv)
 8: {
 9:   if (argc > 1000000) {
10:     int (* volatile tp)(void)=(int (*)(void))&t;
11:     printf("%d", (*tp)());
12:   }
13: 
14:   return 0;
15: }
16: int t(void) { void ((*volatile p)()); p = (void ((*)()))xsltParseStylesheetDoc; return !p; }
/* end */

"xcrun clang -o conftest -I/Applications/Xcode.app/Contents/Developer/Platforms/MacOSX.platform/Developer/SDKs/MacOSX14.5.Internal.sdk/System/Library/Frameworks/Ruby.framework/Versions/2.6/usr/include/ruby-2.6.0/universal-darwin23 -I/Applications/Xcode.app/Contents/Developer/Platforms/MacOSX.platform/Developer/SDKs/MacOSX14.5.Internal.sdk/System/Library/Frameworks/Ruby.framework/Versions/2.6/usr/include/ruby-2.6.0/ruby/backward -I/Applications/Xcode.app/Contents/Developer/Platforms/MacOSX.platform/Developer/SDKs/MacOSX14.5.Internal.sdk/System/Library/Frameworks/Ruby.framework/Versions/2.6/usr/include/ruby-2.6.0 -I. -I/Applications/Xcode.app/Contents/Developer/Platforms/MacOSX.platform/Developer/SDKs/MacOSX14.5.Internal.sdk/usr/include -I/Applications/Xcode.app/Contents/Developer/Platforms/MacOSX.platform/Developer/SDKs/MacOSX14.5.Internal.sdk/usr/include/libxml2 -D_XOPEN_SOURCE -D_DARWIN_C_SOURCE -D_DARWIN_UNLIMITED_SELECT -D_REENTRANT    -g -Os -pipe -DHAVE_GCC_ATOMIC_BUILTINS -DUSE_FFI_CLOSURE_ALLOC -std=c99 -Wno-declaration-after-statement -g -Winline -Wmissing-noreturn conftest.c  -L. -L/System/Library/Frameworks/Ruby.framework/Versions/2.6/usr/lib -L/Applications/Xcode.app/Contents/Developer/Platforms/MacOSX.platform/Developer/SDKs/MacOSX14.5.Internal.sdk/usr/lib -L. -L/AppleInternal/Library/BuildRoots/91a344b1-f985-11ee-b563-fe8bc7981bff/Applications/Xcode.app/Contents/Developer/Platforms/MacOSX.platform/Developer/SDKs/MacOSX14.5.Internal.sdk/usr/local/lib  -arch arm64e -arch x86_64  -lxml2 -lz  -lruby.2.6 -lxslt -lxml2 -lz   "
ld: warning: directory not found for option '-L/AppleInternal/Library/BuildRoots/91a344b1-f985-11ee-b563-fe8bc7981bff/Applications/Xcode.app/Contents/Developer/Platforms/MacOSX.platform/Developer/SDKs/MacOSX14.5.Internal.sdk/usr/local/lib'
ld: warning: directory not found for option '-L/AppleInternal/Library/BuildRoots/91a344b1-f985-11ee-b563-fe8bc7981bff/Applications/Xcode.app/Contents/Developer/Platforms/MacOSX.platform/Developer/SDKs/MacOSX14.5.Internal.sdk/usr/local/lib'
checked program was:
/* begin */
 1: #include "ruby.h"
 2: 
 3: #include <libxslt/xslt.h>
 4: 
 5: /*top*/
 6: extern int t(void);
 7: int main(int argc, char **argv)
 8: {
 9:   if (argc > 1000000) {
10:     int (* volatile tp)(void)=(int (*)(void))&t;
11:     printf("%d", (*tp)());
12:   }
13: 
14:   return 0;
15: }
16: extern void xsltParseStylesheetDoc();
17: int t(void) { xsltParseStylesheetDoc(); return 0; }
/* end */

--------------------

have_library: checking for exsltFuncRegister() in -lexslt... -------------------- yes

"xcrun clang -o conftest -I/Applications/Xcode.app/Contents/Developer/Platforms/MacOSX.platform/Developer/SDKs/MacOSX14.5.Internal.sdk/System/Library/Frameworks/Ruby.framework/Versions/2.6/usr/include/ruby-2.6.0/universal-darwin23 -I/Applications/Xcode.app/Contents/Developer/Platforms/MacOSX.platform/Developer/SDKs/MacOSX14.5.Internal.sdk/System/Library/Frameworks/Ruby.framework/Versions/2.6/usr/include/ruby-2.6.0/ruby/backward -I/Applications/Xcode.app/Contents/Developer/Platforms/MacOSX.platform/Developer/SDKs/MacOSX14.5.Internal.sdk/System/Library/Frameworks/Ruby.framework/Versions/2.6/usr/include/ruby-2.6.0 -I. -I/Applications/Xcode.app/Contents/Developer/Platforms/MacOSX.platform/Developer/SDKs/MacOSX14.5.Internal.sdk/usr/include -I/Applications/Xcode.app/Contents/Developer/Platforms/MacOSX.platform/Developer/SDKs/MacOSX14.5.Internal.sdk/usr/include/libxml2 -D_XOPEN_SOURCE -D_DARWIN_C_SOURCE -D_DARWIN_UNLIMITED_SELECT -D_REENTRANT    -g -Os -pipe -DHAVE_GCC_ATOMIC_BUILTINS -DUSE_FFI_CLOSURE_ALLOC -std=c99 -Wno-declaration-after-statement -g -Winline -Wmissing-noreturn conftest.c  -L. -L/System/Library/Frameworks/Ruby.framework/Versions/2.6/usr/lib -L/Applications/Xcode.app/Contents/Developer/Platforms/MacOSX.platform/Developer/SDKs/MacOSX14.5.Internal.sdk/usr/lib -L. -L/AppleInternal/Library/BuildRoots/91a344b1-f985-11ee-b563-fe8bc7981bff/Applications/Xcode.app/Contents/Developer/Platforms/MacOSX.platform/Developer/SDKs/MacOSX14.5.Internal.sdk/usr/local/lib  -arch arm64e -arch x86_64  -lxslt -lxml2 -lz  -lruby.2.6 -lexslt -lxslt -lxml2 -lz   "
ld: warning: directory not found for option '-L/AppleInternal/Library/BuildRoots/91a344b1-f985-11ee-b563-fe8bc7981bff/Applications/Xcode.app/Contents/Developer/Platforms/MacOSX.platform/Developer/SDKs/MacOSX14.5.Internal.sdk/usr/local/lib'
ld: warning: directory not found for option '-L/AppleInternal/Library/BuildRoots/91a344b1-f985-11ee-b563-fe8bc7981bff/Applications/Xcode.app/Contents/Developer/Platforms/MacOSX.platform/Developer/SDKs/MacOSX14.5.Internal.sdk/usr/local/lib'
checked program was:
/* begin */
 1: #include "ruby.h"
 2: 
 3: #include <libexslt/exslt.h>
 4: 
 5: /*top*/
 6: extern int t(void);
 7: int main(int argc, char **argv)
 8: {
 9:   if (argc > 1000000) {
10:     int (* volatile tp)(void)=(int (*)(void))&t;
11:     printf("%d", (*tp)());
12:   }
13: 
14:   return 0;
15: }
16: int t(void) { void ((*volatile p)()); p = (void ((*)()))exsltFuncRegister; return !p; }
/* end */

--------------------

"xcrun clang -E -I/Applications/Xcode.app/Contents/Developer/Platforms/MacOSX.platform/Developer/SDKs/MacOSX14.5.Internal.sdk/System/Library/Frameworks/Ruby.framework/Versions/2.6/usr/include/ruby-2.6.0/universal-darwin23 -I/Applications/Xcode.app/Contents/Developer/Platforms/MacOSX.platform/Developer/SDKs/MacOSX14.5.Internal.sdk/System/Library/Frameworks/Ruby.framework/Versions/2.6/usr/include/ruby-2.6.0/ruby/backward -I/Applications/Xcode.app/Contents/Developer/Platforms/MacOSX.platform/Developer/SDKs/MacOSX14.5.Internal.sdk/System/Library/Frameworks/Ruby.framework/Versions/2.6/usr/include/ruby-2.6.0 -I. -I/Applications/Xcode.app/Contents/Developer/Platforms/MacOSX.platform/Developer/SDKs/MacOSX14.5.Internal.sdk/usr/include -I/Applications/Xcode.app/Contents/Developer/Platforms/MacOSX.platform/Developer/SDKs/MacOSX14.5.Internal.sdk/usr/include/libxml2 -D_XOPEN_SOURCE -D_DARWIN_C_SOURCE -D_DARWIN_UNLIMITED_SELECT -D_REENTRANT    -g -Os -pipe -DHAVE_GCC_ATOMIC_BUILTINS -DUSE_FFI_CLOSURE_ALLOC -std=c99 -Wno-declaration-after-statement -g -Winline -Wmissing-noreturn  conftest.c -o conftest.i"
checked program was:
/* begin */
1: #include "ruby.h"
2: 
3: #include <libxml/xmlversion.h>
4: #if LIBXML_VERSION < 20621
5: #  error libxml2 is older than 2.6.21
6: #endif
/* end */

"xcrun clang -E -I/Applications/Xcode.app/Contents/Developer/Platforms/MacOSX.platform/Developer/SDKs/MacOSX14.5.Internal.sdk/System/Library/Frameworks/Ruby.framework/Versions/2.6/usr/include/ruby-2.6.0/universal-darwin23 -I/Applications/Xcode.app/Contents/Developer/Platforms/MacOSX.platform/Developer/SDKs/MacOSX14.5.Internal.sdk/System/Library/Frameworks/Ruby.framework/Versions/2.6/usr/include/ruby-2.6.0/ruby/backward -I/Applications/Xcode.app/Contents/Developer/Platforms/MacOSX.platform/Developer/SDKs/MacOSX14.5.Internal.sdk/System/Library/Frameworks/Ruby.framework/Versions/2.6/usr/include/ruby-2.6.0 -I. -I/Applications/Xcode.app/Contents/Developer/Platforms/MacOSX.platform/Developer/SDKs/MacOSX14.5.Internal.sdk/usr/include -I/Applications/Xcode.app/Contents/Developer/Platforms/MacOSX.platform/Developer/SDKs/MacOSX14.5.Internal.sdk/usr/include/libxml2 -D_XOPEN_SOURCE -D_DARWIN_C_SOURCE -D_DARWIN_UNLIMITED_SELECT -D_REENTRANT    -g -Os -pipe -DHAVE_GCC_ATOMIC_BUILTINS -DUSE_FFI_CLOSURE_ALLOC -std=c99 -Wno-declaration-after-statement -g -Winline -Wmissing-noreturn  conftest.c -o conftest.i"
checked program was:
/* begin */
1: #include "ruby.h"
2: 
3: #include <libxml/xmlversion.h>
4: #if LIBXML_VERSION < 20903
5: #  error libxml2 is older than 2.9.3
6: #endif
/* end */

have_func: checking for gumbo_parse_with_options() in gumbo.h... -------------------- yes

"xcrun clang -o conftest -I/Applications/Xcode.app/Contents/Developer/Platforms/MacOSX.platform/Developer/SDKs/MacOSX14.5.Internal.sdk/System/Library/Frameworks/Ruby.framework/Versions/2.6/usr/include/ruby-2.6.0/universal-darwin23 -I/Applications/Xcode.app/Contents/Developer/Platforms/MacOSX.platform/Developer/SDKs/MacOSX14.5.Internal.sdk/System/Library/Frameworks/Ruby.framework/Versions/2.6/usr/include/ruby-2.6.0/ruby/backward -I/Applications/Xcode.app/Contents/Developer/Platforms/MacOSX.platform/Developer/SDKs/MacOSX14.5.Internal.sdk/System/Library/Frameworks/Ruby.framework/Versions/2.6/usr/include/ruby-2.6.0 -I. -I/Applications/Xcode.app/Contents/Developer/Platforms/MacOSX.platform/Developer/SDKs/MacOSX14.5.Internal.sdk/usr/include -I/Applications/Xcode.app/Contents/Developer/Platforms/MacOSX.platform/Developer/SDKs/MacOSX14.5.Internal.sdk/usr/include/libxml2 -D_XOPEN_SOURCE -D_DARWIN_C_SOURCE -D_DARWIN_UNLIMITED_SELECT -D_REENTRANT    -g -Os -pipe -DHAVE_GCC_ATOMIC_BUILTINS -DUSE_FFI_CLOSURE_ALLOC -std=c99 -Wno-declaration-after-statement -g -Winline -Wmissing-noreturn -I/Library/Caches/com.apple.xbs/Binaries/RubyGems/install/TempContent/Root/System/Library/Frameworks/Ruby.framework/Versions/2.6/usr/lib/ruby/gems/2.6.0/gems/nokogiri-1.13.8/ext/nokogiri/ports/universal.x86_64-darwin23/libgumbo/1.0.0-nokogiri/include conftest.c  -L. -L/System/Library/Frameworks/Ruby.framework/Versions/2.6/usr/lib -L/Applications/Xcode.app/Contents/Developer/Platforms/MacOSX.platform/Developer/SDKs/MacOSX14.5.Internal.sdk/usr/lib -L/Library/Caches/com.apple.xbs/Binaries/RubyGems/install/TempContent/Root/System/Library/Frameworks/Ruby.framework/Versions/2.6/usr/lib/ruby/gems/2.6.0/gems/nokogiri-1.13.8/ext/nokogiri/ports/universal.x86_64-darwin23/libgumbo/1.0.0-nokogiri/lib -L. -L/AppleInternal/Library/BuildRoots/91a344b1-f985-11ee-b563-fe8bc7981bff/Applications/Xcode.app/Contents/Developer/Platforms/MacOSX.platform/Developer/SDKs/MacOSX14.5.Internal.sdk/usr/local/lib  -arch arm64e -arch x86_64  -lexslt -lxslt -lxml2 -lz  /Library/Caches/com.apple.xbs/Binaries/RubyGems/install/TempContent/Root/System/Library/Frameworks/Ruby.framework/Versions/2.6/usr/lib/ruby/gems/2.6.0/gems/nokogiri-1.13.8/ext/nokogiri/ports/universal.x86_64-darwin23/libgumbo/1.0.0-nokogiri/lib/libgumbo.a -lruby.2.6 -lexslt -lxslt -lxml2 -lz  /Library/Caches/com.apple.xbs/Binaries/RubyGems/install/TempContent/Root/System/Library/Frameworks/Ruby.framework/Versions/2.6/usr/lib/ruby/gems/2.6.0/gems/nokogiri-1.13.8/ext/nokogiri/ports/universal.x86_64-darwin23/libgumbo/1.0.0-nokogiri/lib/libgumbo.a  "
ld: warning: directory not found for option '-L/AppleInternal/Library/BuildRoots/91a344b1-f985-11ee-b563-fe8bc7981bff/Applications/Xcode.app/Contents/Developer/Platforms/MacOSX.platform/Developer/SDKs/MacOSX14.5.Internal.sdk/usr/local/lib'
ld: warning: directory not found for option '-L/AppleInternal/Library/BuildRoots/91a344b1-f985-11ee-b563-fe8bc7981bff/Applications/Xcode.app/Contents/Developer/Platforms/MacOSX.platform/Developer/SDKs/MacOSX14.5.Internal.sdk/usr/local/lib'
checked program was:
/* begin */
 1: #include "ruby.h"
 2: 
 3: #include <gumbo.h>
 4: 
 5: /*top*/
 6: extern int t(void);
 7: int main(int argc, char **argv)
 8: {
 9:   if (argc > 1000000) {
10:     int (* volatile tp)(void)=(int (*)(void))&t;
11:     printf("%d", (*tp)());
12:   }
13: 
14:   return 0;
15: }
16: int t(void) { void ((*volatile p)()); p = (void ((*)()))gumbo_parse_with_options; return !p; }
/* end */

--------------------

have_func: checking for xmlHasFeature()... -------------------- yes

"xcrun clang -o conftest -I/Applications/Xcode.app/Contents/Developer/Platforms/MacOSX.platform/Developer/SDKs/MacOSX14.5.Internal.sdk/System/Library/Frameworks/Ruby.framework/Versions/2.6/usr/include/ruby-2.6.0/universal-darwin23 -I/Applications/Xcode.app/Contents/Developer/Platforms/MacOSX.platform/Developer/SDKs/MacOSX14.5.Internal.sdk/System/Library/Frameworks/Ruby.framework/Versions/2.6/usr/include/ruby-2.6.0/ruby/backward -I/Applications/Xcode.app/Contents/Developer/Platforms/MacOSX.platform/Developer/SDKs/MacOSX14.5.Internal.sdk/System/Library/Frameworks/Ruby.framework/Versions/2.6/usr/include/ruby-2.6.0 -I. -I/Applications/Xcode.app/Contents/Developer/Platforms/MacOSX.platform/Developer/SDKs/MacOSX14.5.Internal.sdk/usr/include -I/Applications/Xcode.app/Contents/Developer/Platforms/MacOSX.platform/Developer/SDKs/MacOSX14.5.Internal.sdk/usr/include/libxml2 -D_XOPEN_SOURCE -D_DARWIN_C_SOURCE -D_DARWIN_UNLIMITED_SELECT -D_REENTRANT    -g -Os -pipe -DHAVE_GCC_ATOMIC_BUILTINS -DUSE_FFI_CLOSURE_ALLOC -std=c99 -Wno-declaration-after-statement -g -Winline -Wmissing-noreturn -I/Library/Caches/com.apple.xbs/Binaries/RubyGems/install/TempContent/Root/System/Library/Frameworks/Ruby.framework/Versions/2.6/usr/lib/ruby/gems/2.6.0/gems/nokogiri-1.13.8/ext/nokogiri/ports/universal.x86_64-darwin23/libgumbo/1.0.0-nokogiri/include conftest.c  -L. -L/System/Library/Frameworks/Ruby.framework/Versions/2.6/usr/lib -L/Applications/Xcode.app/Contents/Developer/Platforms/MacOSX.platform/Developer/SDKs/MacOSX14.5.Internal.sdk/usr/lib -L/Library/Caches/com.apple.xbs/Binaries/RubyGems/install/TempContent/Root/System/Library/Frameworks/Ruby.framework/Versions/2.6/usr/lib/ruby/gems/2.6.0/gems/nokogiri-1.13.8/ext/nokogiri/ports/universal.x86_64-darwin23/libgumbo/1.0.0-nokogiri/lib -L. -L/AppleInternal/Library/BuildRoots/91a344b1-f985-11ee-b563-fe8bc7981bff/Applications/Xcode.app/Contents/Developer/Platforms/MacOSX.platform/Developer/SDKs/MacOSX14.5.Internal.sdk/usr/local/lib  -arch arm64e -arch x86_64  -lexslt -lxslt -lxml2 -lz  /Library/Caches/com.apple.xbs/Binaries/RubyGems/install/TempContent/Root/System/Library/Frameworks/Ruby.framework/Versions/2.6/usr/lib/ruby/gems/2.6.0/gems/nokogiri-1.13.8/ext/nokogiri/ports/universal.x86_64-darwin23/libgumbo/1.0.0-nokogiri/lib/libgumbo.a -lruby.2.6 -lexslt -lxslt -lxml2 -lz  /Library/Caches/com.apple.xbs/Binaries/RubyGems/install/TempContent/Root/System/Library/Frameworks/Ruby.framework/Versions/2.6/usr/lib/ruby/gems/2.6.0/gems/nokogiri-1.13.8/ext/nokogiri/ports/universal.x86_64-darwin23/libgumbo/1.0.0-nokogiri/lib/libgumbo.a  "
conftest.c:14:57: error: use of undeclared identifier 'xmlHasFeature'
int t(void) { void ((*volatile p)()); p = (void ((*)()))xmlHasFeature; return !p; }
                                                        ^
1 error generated.
checked program was:
/* begin */
 1: #include "ruby.h"
 2: 
 3: /*top*/
 4: extern int t(void);
 5: int main(int argc, char **argv)
 6: {
 7:   if (argc > 1000000) {
 8:     int (* volatile tp)(void)=(int (*)(void))&t;
 9:     printf("%d", (*tp)());
10:   }
11: 
12:   return 0;
13: }
14: int t(void) { void ((*volatile p)()); p = (void ((*)()))xmlHasFeature; return !p; }
/* end */

"xcrun clang -o conftest -I/Applications/Xcode.app/Contents/Developer/Platforms/MacOSX.platform/Developer/SDKs/MacOSX14.5.Internal.sdk/System/Library/Frameworks/Ruby.framework/Versions/2.6/usr/include/ruby-2.6.0/universal-darwin23 -I/Applications/Xcode.app/Contents/Developer/Platforms/MacOSX.platform/Developer/SDKs/MacOSX14.5.Internal.sdk/System/Library/Frameworks/Ruby.framework/Versions/2.6/usr/include/ruby-2.6.0/ruby/backward -I/Applications/Xcode.app/Contents/Developer/Platforms/MacOSX.platform/Developer/SDKs/MacOSX14.5.Internal.sdk/System/Library/Frameworks/Ruby.framework/Versions/2.6/usr/include/ruby-2.6.0 -I. -I/Applications/Xcode.app/Contents/Developer/Platforms/MacOSX.platform/Developer/SDKs/MacOSX14.5.Internal.sdk/usr/include -I/Applications/Xcode.app/Contents/Developer/Platforms/MacOSX.platform/Developer/SDKs/MacOSX14.5.Internal.sdk/usr/include/libxml2 -D_XOPEN_SOURCE -D_DARWIN_C_SOURCE -D_DARWIN_UNLIMITED_SELECT -D_REENTRANT    -g -Os -pipe -DHAVE_GCC_ATOMIC_BUILTINS -DUSE_FFI_CLOSURE_ALLOC -std=c99 -Wno-declaration-after-statement -g -Winline -Wmissing-noreturn -I/Library/Caches/com.apple.xbs/Binaries/RubyGems/install/TempContent/Root/System/Library/Frameworks/Ruby.framework/Versions/2.6/usr/lib/ruby/gems/2.6.0/gems/nokogiri-1.13.8/ext/nokogiri/ports/universal.x86_64-darwin23/libgumbo/1.0.0-nokogiri/include conftest.c  -L. -L/System/Library/Frameworks/Ruby.framework/Versions/2.6/usr/lib -L/Applications/Xcode.app/Contents/Developer/Platforms/MacOSX.platform/Developer/SDKs/MacOSX14.5.Internal.sdk/usr/lib -L/Library/Caches/com.apple.xbs/Binaries/RubyGems/install/TempContent/Root/System/Library/Frameworks/Ruby.framework/Versions/2.6/usr/lib/ruby/gems/2.6.0/gems/nokogiri-1.13.8/ext/nokogiri/ports/universal.x86_64-darwin23/libgumbo/1.0.0-nokogiri/lib -L. -L/AppleInternal/Library/BuildRoots/91a344b1-f985-11ee-b563-fe8bc7981bff/Applications/Xcode.app/Contents/Developer/Platforms/MacOSX.platform/Developer/SDKs/MacOSX14.5.Internal.sdk/usr/local/lib  -arch arm64e -arch x86_64  -lexslt -lxslt -lxml2 -lz  /Library/Caches/com.apple.xbs/Binaries/RubyGems/install/TempContent/Root/System/Library/Frameworks/Ruby.framework/Versions/2.6/usr/lib/ruby/gems/2.6.0/gems/nokogiri-1.13.8/ext/nokogiri/ports/universal.x86_64-darwin23/libgumbo/1.0.0-nokogiri/lib/libgumbo.a -lruby.2.6 -lexslt -lxslt -lxml2 -lz  /Library/Caches/com.apple.xbs/Binaries/RubyGems/install/TempContent/Root/System/Library/Frameworks/Ruby.framework/Versions/2.6/usr/lib/ruby/gems/2.6.0/gems/nokogiri-1.13.8/ext/nokogiri/ports/universal.x86_64-darwin23/libgumbo/1.0.0-nokogiri/lib/libgumbo.a  "
ld: warning: directory not found for option '-L/AppleInternal/Library/BuildRoots/91a344b1-f985-11ee-b563-fe8bc7981bff/Applications/Xcode.app/Contents/Developer/Platforms/MacOSX.platform/Developer/SDKs/MacOSX14.5.Internal.sdk/usr/local/lib'
ld: warning: directory not found for option '-L/AppleInternal/Library/BuildRoots/91a344b1-f985-11ee-b563-fe8bc7981bff/Applications/Xcode.app/Contents/Developer/Platforms/MacOSX.platform/Developer/SDKs/MacOSX14.5.Internal.sdk/usr/local/lib'
checked program was:
/* begin */
 1: #include "ruby.h"
 2: 
 3: /*top*/
 4: extern int t(void);
 5: int main(int argc, char **argv)
 6: {
 7:   if (argc > 1000000) {
 8:     int (* volatile tp)(void)=(int (*)(void))&t;
 9:     printf("%d", (*tp)());
10:   }
11: 
12:   return 0;
13: }
14: extern void xmlHasFeature();
15: int t(void) { xmlHasFeature(); return 0; }
/* end */

--------------------

have_func: checking for xmlFirstElementChild()... -------------------- yes

"xcrun clang -o conftest -I/Applications/Xcode.app/Contents/Developer/Platforms/MacOSX.platform/Developer/SDKs/MacOSX14.5.Internal.sdk/System/Library/Frameworks/Ruby.framework/Versions/2.6/usr/include/ruby-2.6.0/universal-darwin23 -I/Applications/Xcode.app/Contents/Developer/Platforms/MacOSX.platform/Developer/SDKs/MacOSX14.5.Internal.sdk/System/Library/Frameworks/Ruby.framework/Versions/2.6/usr/include/ruby-2.6.0/ruby/backward -I/Applications/Xcode.app/Contents/Developer/Platforms/MacOSX.platform/Developer/SDKs/MacOSX14.5.Internal.sdk/System/Library/Frameworks/Ruby.framework/Versions/2.6/usr/include/ruby-2.6.0 -I. -I/Applications/Xcode.app/Contents/Developer/Platforms/MacOSX.platform/Developer/SDKs/MacOSX14.5.Internal.sdk/usr/include -I/Applications/Xcode.app/Contents/Developer/Platforms/MacOSX.platform/Developer/SDKs/MacOSX14.5.Internal.sdk/usr/include/libxml2 -D_XOPEN_SOURCE -D_DARWIN_C_SOURCE -D_DARWIN_UNLIMITED_SELECT -D_REENTRANT    -g -Os -pipe -DHAVE_GCC_ATOMIC_BUILTINS -DUSE_FFI_CLOSURE_ALLOC -std=c99 -Wno-declaration-after-statement -g -Winline -Wmissing-noreturn -I/Library/Caches/com.apple.xbs/Binaries/RubyGems/install/TempContent/Root/System/Library/Frameworks/Ruby.framework/Versions/2.6/usr/lib/ruby/gems/2.6.0/gems/nokogiri-1.13.8/ext/nokogiri/ports/universal.x86_64-darwin23/libgumbo/1.0.0-nokogiri/include conftest.c  -L. -L/System/Library/Frameworks/Ruby.framework/Versions/2.6/usr/lib -L/Applications/Xcode.app/Contents/Developer/Platforms/MacOSX.platform/Developer/SDKs/MacOSX14.5.Internal.sdk/usr/lib -L/Library/Caches/com.apple.xbs/Binaries/RubyGems/install/TempContent/Root/System/Library/Frameworks/Ruby.framework/Versions/2.6/usr/lib/ruby/gems/2.6.0/gems/nokogiri-1.13.8/ext/nokogiri/ports/universal.x86_64-darwin23/libgumbo/1.0.0-nokogiri/lib -L. -L/AppleInternal/Library/BuildRoots/91a344b1-f985-11ee-b563-fe8bc7981bff/Applications/Xcode.app/Contents/Developer/Platforms/MacOSX.platform/Developer/SDKs/MacOSX14.5.Internal.sdk/usr/local/lib  -arch arm64e -arch x86_64  -lexslt -lxslt -lxml2 -lz  /Library/Caches/com.apple.xbs/Binaries/RubyGems/install/TempContent/Root/System/Library/Frameworks/Ruby.framework/Versions/2.6/usr/lib/ruby/gems/2.6.0/gems/nokogiri-1.13.8/ext/nokogiri/ports/universal.x86_64-darwin23/libgumbo/1.0.0-nokogiri/lib/libgumbo.a -lruby.2.6 -lexslt -lxslt -lxml2 -lz  /Library/Caches/com.apple.xbs/Binaries/RubyGems/install/TempContent/Root/System/Library/Frameworks/Ruby.framework/Versions/2.6/usr/lib/ruby/gems/2.6.0/gems/nokogiri-1.13.8/ext/nokogiri/ports/universal.x86_64-darwin23/libgumbo/1.0.0-nokogiri/lib/libgumbo.a  "
conftest.c:14:57: error: use of undeclared identifier 'xmlFirstElementChild'
int t(void) { void ((*volatile p)()); p = (void ((*)()))xmlFirstElementChild; return !p; }
                                                        ^
1 error generated.
checked program was:
/* begin */
 1: #include "ruby.h"
 2: 
 3: /*top*/
 4: extern int t(void);
 5: int main(int argc, char **argv)
 6: {
 7:   if (argc > 1000000) {
 8:     int (* volatile tp)(void)=(int (*)(void))&t;
 9:     printf("%d", (*tp)());
10:   }
11: 
12:   return 0;
13: }
14: int t(void) { void ((*volatile p)()); p = (void ((*)()))xmlFirstElementChild; return !p; }
/* end */

"xcrun clang -o conftest -I/Applications/Xcode.app/Contents/Developer/Platforms/MacOSX.platform/Developer/SDKs/MacOSX14.5.Internal.sdk/System/Library/Frameworks/Ruby.framework/Versions/2.6/usr/include/ruby-2.6.0/universal-darwin23 -I/Applications/Xcode.app/Contents/Developer/Platforms/MacOSX.platform/Developer/SDKs/MacOSX14.5.Internal.sdk/System/Library/Frameworks/Ruby.framework/Versions/2.6/usr/include/ruby-2.6.0/ruby/backward -I/Applications/Xcode.app/Contents/Developer/Platforms/MacOSX.platform/Developer/SDKs/MacOSX14.5.Internal.sdk/System/Library/Frameworks/Ruby.framework/Versions/2.6/usr/include/ruby-2.6.0 -I. -I/Applications/Xcode.app/Contents/Developer/Platforms/MacOSX.platform/Developer/SDKs/MacOSX14.5.Internal.sdk/usr/include -I/Applications/Xcode.app/Contents/Developer/Platforms/MacOSX.platform/Developer/SDKs/MacOSX14.5.Internal.sdk/usr/include/libxml2 -D_XOPEN_SOURCE -D_DARWIN_C_SOURCE -D_DARWIN_UNLIMITED_SELECT -D_REENTRANT    -g -Os -pipe -DHAVE_GCC_ATOMIC_BUILTINS -DUSE_FFI_CLOSURE_ALLOC -std=c99 -Wno-declaration-after-statement -g -Winline -Wmissing-noreturn -I/Library/Caches/com.apple.xbs/Binaries/RubyGems/install/TempContent/Root/System/Library/Frameworks/Ruby.framework/Versions/2.6/usr/lib/ruby/gems/2.6.0/gems/nokogiri-1.13.8/ext/nokogiri/ports/universal.x86_64-darwin23/libgumbo/1.0.0-nokogiri/include conftest.c  -L. -L/System/Library/Frameworks/Ruby.framework/Versions/2.6/usr/lib -L/Applications/Xcode.app/Contents/Developer/Platforms/MacOSX.platform/Developer/SDKs/MacOSX14.5.Internal.sdk/usr/lib -L/Library/Caches/com.apple.xbs/Binaries/RubyGems/install/TempContent/Root/System/Library/Frameworks/Ruby.framework/Versions/2.6/usr/lib/ruby/gems/2.6.0/gems/nokogiri-1.13.8/ext/nokogiri/ports/universal.x86_64-darwin23/libgumbo/1.0.0-nokogiri/lib -L. -L/AppleInternal/Library/BuildRoots/91a344b1-f985-11ee-b563-fe8bc7981bff/Applications/Xcode.app/Contents/Developer/Platforms/MacOSX.platform/Developer/SDKs/MacOSX14.5.Internal.sdk/usr/local/lib  -arch arm64e -arch x86_64  -lexslt -lxslt -lxml2 -lz  /Library/Caches/com.apple.xbs/Binaries/RubyGems/install/TempContent/Root/System/Library/Frameworks/Ruby.framework/Versions/2.6/usr/lib/ruby/gems/2.6.0/gems/nokogiri-1.13.8/ext/nokogiri/ports/universal.x86_64-darwin23/libgumbo/1.0.0-nokogiri/lib/libgumbo.a -lruby.2.6 -lexslt -lxslt -lxml2 -lz  /Library/Caches/com.apple.xbs/Binaries/RubyGems/install/TempContent/Root/System/Library/Frameworks/Ruby.framework/Versions/2.6/usr/lib/ruby/gems/2.6.0/gems/nokogiri-1.13.8/ext/nokogiri/ports/universal.x86_64-darwin23/libgumbo/1.0.0-nokogiri/lib/libgumbo.a  "
ld: warning: directory not found for option '-L/AppleInternal/Library/BuildRoots/91a344b1-f985-11ee-b563-fe8bc7981bff/Applications/Xcode.app/Contents/Developer/Platforms/MacOSX.platform/Developer/SDKs/MacOSX14.5.Internal.sdk/usr/local/lib'
ld: warning: directory not found for option '-L/AppleInternal/Library/BuildRoots/91a344b1-f985-11ee-b563-fe8bc7981bff/Applications/Xcode.app/Contents/Developer/Platforms/MacOSX.platform/Developer/SDKs/MacOSX14.5.Internal.sdk/usr/local/lib'
checked program was:
/* begin */
 1: #include "ruby.h"
 2: 
 3: /*top*/
 4: extern int t(void);
 5: int main(int argc, char **argv)
 6: {
 7:   if (argc > 1000000) {
 8:     int (* volatile tp)(void)=(int (*)(void))&t;
 9:     printf("%d", (*tp)());
10:   }
11: 
12:   return 0;
13: }
14: extern void xmlFirstElementChild();
15: int t(void) { xmlFirstElementChild(); return 0; }
/* end */

--------------------

have_func: checking for xmlRelaxNGSetParserStructuredErrors()... -------------------- yes

"xcrun clang -o conftest -I/Applications/Xcode.app/Contents/Developer/Platforms/MacOSX.platform/Developer/SDKs/MacOSX14.5.Internal.sdk/System/Library/Frameworks/Ruby.framework/Versions/2.6/usr/include/ruby-2.6.0/universal-darwin23 -I/Applications/Xcode.app/Contents/Developer/Platforms/MacOSX.platform/Developer/SDKs/MacOSX14.5.Internal.sdk/System/Library/Frameworks/Ruby.framework/Versions/2.6/usr/include/ruby-2.6.0/ruby/backward -I/Applications/Xcode.app/Contents/Developer/Platforms/MacOSX.platform/Developer/SDKs/MacOSX14.5.Internal.sdk/System/Library/Frameworks/Ruby.framework/Versions/2.6/usr/include/ruby-2.6.0 -I. -I/Applications/Xcode.app/Contents/Developer/Platforms/MacOSX.platform/Developer/SDKs/MacOSX14.5.Internal.sdk/usr/include -I/Applications/Xcode.app/Contents/Developer/Platforms/MacOSX.platform/Developer/SDKs/MacOSX14.5.Internal.sdk/usr/include/libxml2 -D_XOPEN_SOURCE -D_DARWIN_C_SOURCE -D_DARWIN_UNLIMITED_SELECT -D_REENTRANT    -g -Os -pipe -DHAVE_GCC_ATOMIC_BUILTINS -DUSE_FFI_CLOSURE_ALLOC -std=c99 -Wno-declaration-after-statement -g -Winline -Wmissing-noreturn -I/Library/Caches/com.apple.xbs/Binaries/RubyGems/install/TempContent/Root/System/Library/Frameworks/Ruby.framework/Versions/2.6/usr/lib/ruby/gems/2.6.0/gems/nokogiri-1.13.8/ext/nokogiri/ports/universal.x86_64-darwin23/libgumbo/1.0.0-nokogiri/include conftest.c  -L. -L/System/Library/Frameworks/Ruby.framework/Versions/2.6/usr/lib -L/Applications/Xcode.app/Contents/Developer/Platforms/MacOSX.platform/Developer/SDKs/MacOSX14.5.Internal.sdk/usr/lib -L/Library/Caches/com.apple.xbs/Binaries/RubyGems/install/TempContent/Root/System/Library/Frameworks/Ruby.framework/Versions/2.6/usr/lib/ruby/gems/2.6.0/gems/nokogiri-1.13.8/ext/nokogiri/ports/universal.x86_64-darwin23/libgumbo/1.0.0-nokogiri/lib -L. -L/AppleInternal/Library/BuildRoots/91a344b1-f985-11ee-b563-fe8bc7981bff/Applications/Xcode.app/Contents/Developer/Platforms/MacOSX.platform/Developer/SDKs/MacOSX14.5.Internal.sdk/usr/local/lib  -arch arm64e -arch x86_64  -lexslt -lxslt -lxml2 -lz  /Library/Caches/com.apple.xbs/Binaries/RubyGems/install/TempContent/Root/System/Library/Frameworks/Ruby.framework/Versions/2.6/usr/lib/ruby/gems/2.6.0/gems/nokogiri-1.13.8/ext/nokogiri/ports/universal.x86_64-darwin23/libgumbo/1.0.0-nokogiri/lib/libgumbo.a -lruby.2.6 -lexslt -lxslt -lxml2 -lz  /Library/Caches/com.apple.xbs/Binaries/RubyGems/install/TempContent/Root/System/Library/Frameworks/Ruby.framework/Versions/2.6/usr/lib/ruby/gems/2.6.0/gems/nokogiri-1.13.8/ext/nokogiri/ports/universal.x86_64-darwin23/libgumbo/1.0.0-nokogiri/lib/libgumbo.a  "
conftest.c:14:57: error: use of undeclared identifier 'xmlRelaxNGSetParserStructuredErrors'
int t(void) { void ((*volatile p)()); p = (void ((*)()))xmlRelaxNGSetParserStructuredErrors; return !p; }
                                                        ^
1 error generated.
checked program was:
/* begin */
 1: #include "ruby.h"
 2: 
 3: /*top*/
 4: extern int t(void);
 5: int main(int argc, char **argv)
 6: {
 7:   if (argc > 1000000) {
 8:     int (* volatile tp)(void)=(int (*)(void))&t;
 9:     printf("%d", (*tp)());
10:   }
11: 
12:   return 0;
13: }
14: int t(void) { void ((*volatile p)()); p = (void ((*)()))xmlRelaxNGSetParserStructuredErrors; return !p; }
/* end */

"xcrun clang -o conftest -I/Applications/Xcode.app/Contents/Developer/Platforms/MacOSX.platform/Developer/SDKs/MacOSX14.5.Internal.sdk/System/Library/Frameworks/Ruby.framework/Versions/2.6/usr/include/ruby-2.6.0/universal-darwin23 -I/Applications/Xcode.app/Contents/Developer/Platforms/MacOSX.platform/Developer/SDKs/MacOSX14.5.Internal.sdk/System/Library/Frameworks/Ruby.framework/Versions/2.6/usr/include/ruby-2.6.0/ruby/backward -I/Applications/Xcode.app/Contents/Developer/Platforms/MacOSX.platform/Developer/SDKs/MacOSX14.5.Internal.sdk/System/Library/Frameworks/Ruby.framework/Versions/2.6/usr/include/ruby-2.6.0 -I. -I/Applications/Xcode.app/Contents/Developer/Platforms/MacOSX.platform/Developer/SDKs/MacOSX14.5.Internal.sdk/usr/include -I/Applications/Xcode.app/Contents/Developer/Platforms/MacOSX.platform/Developer/SDKs/MacOSX14.5.Internal.sdk/usr/include/libxml2 -D_XOPEN_SOURCE -D_DARWIN_C_SOURCE -D_DARWIN_UNLIMITED_SELECT -D_REENTRANT    -g -Os -pipe -DHAVE_GCC_ATOMIC_BUILTINS -DUSE_FFI_CLOSURE_ALLOC -std=c99 -Wno-declaration-after-statement -g -Winline -Wmissing-noreturn -I/Library/Caches/com.apple.xbs/Binaries/RubyGems/install/TempContent/Root/System/Library/Frameworks/Ruby.framework/Versions/2.6/usr/lib/ruby/gems/2.6.0/gems/nokogiri-1.13.8/ext/nokogiri/ports/universal.x86_64-darwin23/libgumbo/1.0.0-nokogiri/include conftest.c  -L. -L/System/Library/Frameworks/Ruby.framework/Versions/2.6/usr/lib -L/Applications/Xcode.app/Contents/Developer/Platforms/MacOSX.platform/Developer/SDKs/MacOSX14.5.Internal.sdk/usr/lib -L/Library/Caches/com.apple.xbs/Binaries/RubyGems/install/TempContent/Root/System/Library/Frameworks/Ruby.framework/Versions/2.6/usr/lib/ruby/gems/2.6.0/gems/nokogiri-1.13.8/ext/nokogiri/ports/universal.x86_64-darwin23/libgumbo/1.0.0-nokogiri/lib -L. -L/AppleInternal/Library/BuildRoots/91a344b1-f985-11ee-b563-fe8bc7981bff/Applications/Xcode.app/Contents/Developer/Platforms/MacOSX.platform/Developer/SDKs/MacOSX14.5.Internal.sdk/usr/local/lib  -arch arm64e -arch x86_64  -lexslt -lxslt -lxml2 -lz  /Library/Caches/com.apple.xbs/Binaries/RubyGems/install/TempContent/Root/System/Library/Frameworks/Ruby.framework/Versions/2.6/usr/lib/ruby/gems/2.6.0/gems/nokogiri-1.13.8/ext/nokogiri/ports/universal.x86_64-darwin23/libgumbo/1.0.0-nokogiri/lib/libgumbo.a -lruby.2.6 -lexslt -lxslt -lxml2 -lz  /Library/Caches/com.apple.xbs/Binaries/RubyGems/install/TempContent/Root/System/Library/Frameworks/Ruby.framework/Versions/2.6/usr/lib/ruby/gems/2.6.0/gems/nokogiri-1.13.8/ext/nokogiri/ports/universal.x86_64-darwin23/libgumbo/1.0.0-nokogiri/lib/libgumbo.a  "
ld: warning: directory not found for option '-L/AppleInternal/Library/BuildRoots/91a344b1-f985-11ee-b563-fe8bc7981bff/Applications/Xcode.app/Contents/Developer/Platforms/MacOSX.platform/Developer/SDKs/MacOSX14.5.Internal.sdk/usr/local/lib'
ld: warning: directory not found for option '-L/AppleInternal/Library/BuildRoots/91a344b1-f985-11ee-b563-fe8bc7981bff/Applications/Xcode.app/Contents/Developer/Platforms/MacOSX.platform/Developer/SDKs/MacOSX14.5.Internal.sdk/usr/local/lib'
checked program was:
/* begin */
 1: #include "ruby.h"
 2: 
 3: /*top*/
 4: extern int t(void);
 5: int main(int argc, char **argv)
 6: {
 7:   if (argc > 1000000) {
 8:     int (* volatile tp)(void)=(int (*)(void))&t;
 9:     printf("%d", (*tp)());
10:   }
11: 
12:   return 0;
13: }
14: extern void xmlRelaxNGSetParserStructuredErrors();
15: int t(void) { xmlRelaxNGSetParserStructuredErrors(); return 0; }
/* end */

--------------------

have_func: checking for xmlRelaxNGSetValidStructuredErrors()... -------------------- yes

"xcrun clang -o conftest -I/Applications/Xcode.app/Contents/Developer/Platforms/MacOSX.platform/Developer/SDKs/MacOSX14.5.Internal.sdk/System/Library/Frameworks/Ruby.framework/Versions/2.6/usr/include/ruby-2.6.0/universal-darwin23 -I/Applications/Xcode.app/Contents/Developer/Platforms/MacOSX.platform/Developer/SDKs/MacOSX14.5.Internal.sdk/System/Library/Frameworks/Ruby.framework/Versions/2.6/usr/include/ruby-2.6.0/ruby/backward -I/Applications/Xcode.app/Contents/Developer/Platforms/MacOSX.platform/Developer/SDKs/MacOSX14.5.Internal.sdk/System/Library/Frameworks/Ruby.framework/Versions/2.6/usr/include/ruby-2.6.0 -I. -I/Applications/Xcode.app/Contents/Developer/Platforms/MacOSX.platform/Developer/SDKs/MacOSX14.5.Internal.sdk/usr/include -I/Applications/Xcode.app/Contents/Developer/Platforms/MacOSX.platform/Developer/SDKs/MacOSX14.5.Internal.sdk/usr/include/libxml2 -D_XOPEN_SOURCE -D_DARWIN_C_SOURCE -D_DARWIN_UNLIMITED_SELECT -D_REENTRANT    -g -Os -pipe -DHAVE_GCC_ATOMIC_BUILTINS -DUSE_FFI_CLOSURE_ALLOC -std=c99 -Wno-declaration-after-statement -g -Winline -Wmissing-noreturn -I/Library/Caches/com.apple.xbs/Binaries/RubyGems/install/TempContent/Root/System/Library/Frameworks/Ruby.framework/Versions/2.6/usr/lib/ruby/gems/2.6.0/gems/nokogiri-1.13.8/ext/nokogiri/ports/universal.x86_64-darwin23/libgumbo/1.0.0-nokogiri/include conftest.c  -L. -L/System/Library/Frameworks/Ruby.framework/Versions/2.6/usr/lib -L/Applications/Xcode.app/Contents/Developer/Platforms/MacOSX.platform/Developer/SDKs/MacOSX14.5.Internal.sdk/usr/lib -L/Library/Caches/com.apple.xbs/Binaries/RubyGems/install/TempContent/Root/System/Library/Frameworks/Ruby.framework/Versions/2.6/usr/lib/ruby/gems/2.6.0/gems/nokogiri-1.13.8/ext/nokogiri/ports/universal.x86_64-darwin23/libgumbo/1.0.0-nokogiri/lib -L. -L/AppleInternal/Library/BuildRoots/91a344b1-f985-11ee-b563-fe8bc7981bff/Applications/Xcode.app/Contents/Developer/Platforms/MacOSX.platform/Developer/SDKs/MacOSX14.5.Internal.sdk/usr/local/lib  -arch arm64e -arch x86_64  -lexslt -lxslt -lxml2 -lz  /Library/Caches/com.apple.xbs/Binaries/RubyGems/install/TempContent/Root/System/Library/Frameworks/Ruby.framework/Versions/2.6/usr/lib/ruby/gems/2.6.0/gems/nokogiri-1.13.8/ext/nokogiri/ports/universal.x86_64-darwin23/libgumbo/1.0.0-nokogiri/lib/libgumbo.a -lruby.2.6 -lexslt -lxslt -lxml2 -lz  /Library/Caches/com.apple.xbs/Binaries/RubyGems/install/TempContent/Root/System/Library/Frameworks/Ruby.framework/Versions/2.6/usr/lib/ruby/gems/2.6.0/gems/nokogiri-1.13.8/ext/nokogiri/ports/universal.x86_64-darwin23/libgumbo/1.0.0-nokogiri/lib/libgumbo.a  "
conftest.c:14:57: error: use of undeclared identifier 'xmlRelaxNGSetValidStructuredErrors'
int t(void) { void ((*volatile p)()); p = (void ((*)()))xmlRelaxNGSetValidStructuredErrors; return !p; }
                                                        ^
1 error generated.
checked program was:
/* begin */
 1: #include "ruby.h"
 2: 
 3: /*top*/
 4: extern int t(void);
 5: int main(int argc, char **argv)
 6: {
 7:   if (argc > 1000000) {
 8:     int (* volatile tp)(void)=(int (*)(void))&t;
 9:     printf("%d", (*tp)());
10:   }
11: 
12:   return 0;
13: }
14: int t(void) { void ((*volatile p)()); p = (void ((*)()))xmlRelaxNGSetValidStructuredErrors; return !p; }
/* end */

"xcrun clang -o conftest -I/Applications/Xcode.app/Contents/Developer/Platforms/MacOSX.platform/Developer/SDKs/MacOSX14.5.Internal.sdk/System/Library/Frameworks/Ruby.framework/Versions/2.6/usr/include/ruby-2.6.0/universal-darwin23 -I/Applications/Xcode.app/Contents/Developer/Platforms/MacOSX.platform/Developer/SDKs/MacOSX14.5.Internal.sdk/System/Library/Frameworks/Ruby.framework/Versions/2.6/usr/include/ruby-2.6.0/ruby/backward -I/Applications/Xcode.app/Contents/Developer/Platforms/MacOSX.platform/Developer/SDKs/MacOSX14.5.Internal.sdk/System/Library/Frameworks/Ruby.framework/Versions/2.6/usr/include/ruby-2.6.0 -I. -I/Applications/Xcode.app/Contents/Developer/Platforms/MacOSX.platform/Developer/SDKs/MacOSX14.5.Internal.sdk/usr/include -I/Applications/Xcode.app/Contents/Developer/Platforms/MacOSX.platform/Developer/SDKs/MacOSX14.5.Internal.sdk/usr/include/libxml2 -D_XOPEN_SOURCE -D_DARWIN_C_SOURCE -D_DARWIN_UNLIMITED_SELECT -D_REENTRANT    -g -Os -pipe -DHAVE_GCC_ATOMIC_BUILTINS -DUSE_FFI_CLOSURE_ALLOC -std=c99 -Wno-declaration-after-statement -g -Winline -Wmissing-noreturn -I/Library/Caches/com.apple.xbs/Binaries/RubyGems/install/TempContent/Root/System/Library/Frameworks/Ruby.framework/Versions/2.6/usr/lib/ruby/gems/2.6.0/gems/nokogiri-1.13.8/ext/nokogiri/ports/universal.x86_64-darwin23/libgumbo/1.0.0-nokogiri/include conftest.c  -L. -L/System/Library/Frameworks/Ruby.framework/Versions/2.6/usr/lib -L/Applications/Xcode.app/Contents/Developer/Platforms/MacOSX.platform/Developer/SDKs/MacOSX14.5.Internal.sdk/usr/lib -L/Library/Caches/com.apple.xbs/Binaries/RubyGems/install/TempContent/Root/System/Library/Frameworks/Ruby.framework/Versions/2.6/usr/lib/ruby/gems/2.6.0/gems/nokogiri-1.13.8/ext/nokogiri/ports/universal.x86_64-darwin23/libgumbo/1.0.0-nokogiri/lib -L. -L/AppleInternal/Library/BuildRoots/91a344b1-f985-11ee-b563-fe8bc7981bff/Applications/Xcode.app/Contents/Developer/Platforms/MacOSX.platform/Developer/SDKs/MacOSX14.5.Internal.sdk/usr/local/lib  -arch arm64e -arch x86_64  -lexslt -lxslt -lxml2 -lz  /Library/Caches/com.apple.xbs/Binaries/RubyGems/install/TempContent/Root/System/Library/Frameworks/Ruby.framework/Versions/2.6/usr/lib/ruby/gems/2.6.0/gems/nokogiri-1.13.8/ext/nokogiri/ports/universal.x86_64-darwin23/libgumbo/1.0.0-nokogiri/lib/libgumbo.a -lruby.2.6 -lexslt -lxslt -lxml2 -lz  /Library/Caches/com.apple.xbs/Binaries/RubyGems/install/TempContent/Root/System/Library/Frameworks/Ruby.framework/Versions/2.6/usr/lib/ruby/gems/2.6.0/gems/nokogiri-1.13.8/ext/nokogiri/ports/universal.x86_64-darwin23/libgumbo/1.0.0-nokogiri/lib/libgumbo.a  "
ld: warning: directory not found for option '-L/AppleInternal/Library/BuildRoots/91a344b1-f985-11ee-b563-fe8bc7981bff/Applications/Xcode.app/Contents/Developer/Platforms/MacOSX.platform/Developer/SDKs/MacOSX14.5.Internal.sdk/usr/local/lib'
ld: warning: directory not found for option '-L/AppleInternal/Library/BuildRoots/91a344b1-f985-11ee-b563-fe8bc7981bff/Applications/Xcode.app/Contents/Developer/Platforms/MacOSX.platform/Developer/SDKs/MacOSX14.5.Internal.sdk/usr/local/lib'
checked program was:
/* begin */
 1: #include "ruby.h"
 2: 
 3: /*top*/
 4: extern int t(void);
 5: int main(int argc, char **argv)
 6: {
 7:   if (argc > 1000000) {
 8:     int (* volatile tp)(void)=(int (*)(void))&t;
 9:     printf("%d", (*tp)());
10:   }
11: 
12:   return 0;
13: }
14: extern void xmlRelaxNGSetValidStructuredErrors();
15: int t(void) { xmlRelaxNGSetValidStructuredErrors(); return 0; }
/* end */

--------------------

have_func: checking for xmlSchemaSetValidStructuredErrors()... -------------------- yes

"xcrun clang -o conftest -I/Applications/Xcode.app/Contents/Developer/Platforms/MacOSX.platform/Developer/SDKs/MacOSX14.5.Internal.sdk/System/Library/Frameworks/Ruby.framework/Versions/2.6/usr/include/ruby-2.6.0/universal-darwin23 -I/Applications/Xcode.app/Contents/Developer/Platforms/MacOSX.platform/Developer/SDKs/MacOSX14.5.Internal.sdk/System/Library/Frameworks/Ruby.framework/Versions/2.6/usr/include/ruby-2.6.0/ruby/backward -I/Applications/Xcode.app/Contents/Developer/Platforms/MacOSX.platform/Developer/SDKs/MacOSX14.5.Internal.sdk/System/Library/Frameworks/Ruby.framework/Versions/2.6/usr/include/ruby-2.6.0 -I. -I/Applications/Xcode.app/Contents/Developer/Platforms/MacOSX.platform/Developer/SDKs/MacOSX14.5.Internal.sdk/usr/include -I/Applications/Xcode.app/Contents/Developer/Platforms/MacOSX.platform/Developer/SDKs/MacOSX14.5.Internal.sdk/usr/include/libxml2 -D_XOPEN_SOURCE -D_DARWIN_C_SOURCE -D_DARWIN_UNLIMITED_SELECT -D_REENTRANT    -g -Os -pipe -DHAVE_GCC_ATOMIC_BUILTINS -DUSE_FFI_CLOSURE_ALLOC -std=c99 -Wno-declaration-after-statement -g -Winline -Wmissing-noreturn -I/Library/Caches/com.apple.xbs/Binaries/RubyGems/install/TempContent/Root/System/Library/Frameworks/Ruby.framework/Versions/2.6/usr/lib/ruby/gems/2.6.0/gems/nokogiri-1.13.8/ext/nokogiri/ports/universal.x86_64-darwin23/libgumbo/1.0.0-nokogiri/include conftest.c  -L. -L/System/Library/Frameworks/Ruby.framework/Versions/2.6/usr/lib -L/Applications/Xcode.app/Contents/Developer/Platforms/MacOSX.platform/Developer/SDKs/MacOSX14.5.Internal.sdk/usr/lib -L/Library/Caches/com.apple.xbs/Binaries/RubyGems/install/TempContent/Root/System/Library/Frameworks/Ruby.framework/Versions/2.6/usr/lib/ruby/gems/2.6.0/gems/nokogiri-1.13.8/ext/nokogiri/ports/universal.x86_64-darwin23/libgumbo/1.0.0-nokogiri/lib -L. -L/AppleInternal/Library/BuildRoots/91a344b1-f985-11ee-b563-fe8bc7981bff/Applications/Xcode.app/Contents/Developer/Platforms/MacOSX.platform/Developer/SDKs/MacOSX14.5.Internal.sdk/usr/local/lib  -arch arm64e -arch x86_64  -lexslt -lxslt -lxml2 -lz  /Library/Caches/com.apple.xbs/Binaries/RubyGems/install/TempContent/Root/System/Library/Frameworks/Ruby.framework/Versions/2.6/usr/lib/ruby/gems/2.6.0/gems/nokogiri-1.13.8/ext/nokogiri/ports/universal.x86_64-darwin23/libgumbo/1.0.0-nokogiri/lib/libgumbo.a -lruby.2.6 -lexslt -lxslt -lxml2 -lz  /Library/Caches/com.apple.xbs/Binaries/RubyGems/install/TempContent/Root/System/Library/Frameworks/Ruby.framework/Versions/2.6/usr/lib/ruby/gems/2.6.0/gems/nokogiri-1.13.8/ext/nokogiri/ports/universal.x86_64-darwin23/libgumbo/1.0.0-nokogiri/lib/libgumbo.a  "
conftest.c:14:57: error: use of undeclared identifier 'xmlSchemaSetValidStructuredErrors'
int t(void) { void ((*volatile p)()); p = (void ((*)()))xmlSchemaSetValidStructuredErrors; return !p; }
                                                        ^
1 error generated.
checked program was:
/* begin */
 1: #include "ruby.h"
 2: 
 3: /*top*/
 4: extern int t(void);
 5: int main(int argc, char **argv)
 6: {
 7:   if (argc > 1000000) {
 8:     int (* volatile tp)(void)=(int (*)(void))&t;
 9:     printf("%d", (*tp)());
10:   }
11: 
12:   return 0;
13: }
14: int t(void) { void ((*volatile p)()); p = (void ((*)()))xmlSchemaSetValidStructuredErrors; return !p; }
/* end */

"xcrun clang -o conftest -I/Applications/Xcode.app/Contents/Developer/Platforms/MacOSX.platform/Developer/SDKs/MacOSX14.5.Internal.sdk/System/Library/Frameworks/Ruby.framework/Versions/2.6/usr/include/ruby-2.6.0/universal-darwin23 -I/Applications/Xcode.app/Contents/Developer/Platforms/MacOSX.platform/Developer/SDKs/MacOSX14.5.Internal.sdk/System/Library/Frameworks/Ruby.framework/Versions/2.6/usr/include/ruby-2.6.0/ruby/backward -I/Applications/Xcode.app/Contents/Developer/Platforms/MacOSX.platform/Developer/SDKs/MacOSX14.5.Internal.sdk/System/Library/Frameworks/Ruby.framework/Versions/2.6/usr/include/ruby-2.6.0 -I. -I/Applications/Xcode.app/Contents/Developer/Platforms/MacOSX.platform/Developer/SDKs/MacOSX14.5.Internal.sdk/usr/include -I/Applications/Xcode.app/Contents/Developer/Platforms/MacOSX.platform/Developer/SDKs/MacOSX14.5.Internal.sdk/usr/include/libxml2 -D_XOPEN_SOURCE -D_DARWIN_C_SOURCE -D_DARWIN_UNLIMITED_SELECT -D_REENTRANT    -g -Os -pipe -DHAVE_GCC_ATOMIC_BUILTINS -DUSE_FFI_CLOSURE_ALLOC -std=c99 -Wno-declaration-after-statement -g -Winline -Wmissing-noreturn -I/Library/Caches/com.apple.xbs/Binaries/RubyGems/install/TempContent/Root/System/Library/Frameworks/Ruby.framework/Versions/2.6/usr/lib/ruby/gems/2.6.0/gems/nokogiri-1.13.8/ext/nokogiri/ports/universal.x86_64-darwin23/libgumbo/1.0.0-nokogiri/include conftest.c  -L. -L/System/Library/Frameworks/Ruby.framework/Versions/2.6/usr/lib -L/Applications/Xcode.app/Contents/Developer/Platforms/MacOSX.platform/Developer/SDKs/MacOSX14.5.Internal.sdk/usr/lib -L/Library/Caches/com.apple.xbs/Binaries/RubyGems/install/TempContent/Root/System/Library/Frameworks/Ruby.framework/Versions/2.6/usr/lib/ruby/gems/2.6.0/gems/nokogiri-1.13.8/ext/nokogiri/ports/universal.x86_64-darwin23/libgumbo/1.0.0-nokogiri/lib -L. -L/AppleInternal/Library/BuildRoots/91a344b1-f985-11ee-b563-fe8bc7981bff/Applications/Xcode.app/Contents/Developer/Platforms/MacOSX.platform/Developer/SDKs/MacOSX14.5.Internal.sdk/usr/local/lib  -arch arm64e -arch x86_64  -lexslt -lxslt -lxml2 -lz  /Library/Caches/com.apple.xbs/Binaries/RubyGems/install/TempContent/Root/System/Library/Frameworks/Ruby.framework/Versions/2.6/usr/lib/ruby/gems/2.6.0/gems/nokogiri-1.13.8/ext/nokogiri/ports/universal.x86_64-darwin23/libgumbo/1.0.0-nokogiri/lib/libgumbo.a -lruby.2.6 -lexslt -lxslt -lxml2 -lz  /Library/Caches/com.apple.xbs/Binaries/RubyGems/install/TempContent/Root/System/Library/Frameworks/Ruby.framework/Versions/2.6/usr/lib/ruby/gems/2.6.0/gems/nokogiri-1.13.8/ext/nokogiri/ports/universal.x86_64-darwin23/libgumbo/1.0.0-nokogiri/lib/libgumbo.a  "
ld: warning: directory not found for option '-L/AppleInternal/Library/BuildRoots/91a344b1-f985-11ee-b563-fe8bc7981bff/Applications/Xcode.app/Contents/Developer/Platforms/MacOSX.platform/Developer/SDKs/MacOSX14.5.Internal.sdk/usr/local/lib'
ld: warning: directory not found for option '-L/AppleInternal/Library/BuildRoots/91a344b1-f985-11ee-b563-fe8bc7981bff/Applications/Xcode.app/Contents/Developer/Platforms/MacOSX.platform/Developer/SDKs/MacOSX14.5.Internal.sdk/usr/local/lib'
checked program was:
/* begin */
 1: #include "ruby.h"
 2: 
 3: /*top*/
 4: extern int t(void);
 5: int main(int argc, char **argv)
 6: {
 7:   if (argc > 1000000) {
 8:     int (* volatile tp)(void)=(int (*)(void))&t;
 9:     printf("%d", (*tp)());
10:   }
11: 
12:   return 0;
13: }
14: extern void xmlSchemaSetValidStructuredErrors();
15: int t(void) { xmlSchemaSetValidStructuredErrors(); return 0; }
/* end */

--------------------

have_func: checking for xmlSchemaSetParserStructuredErrors()... -------------------- yes

"xcrun clang -o conftest -I/Applications/Xcode.app/Contents/Developer/Platforms/MacOSX.platform/Developer/SDKs/MacOSX14.5.Internal.sdk/System/Library/Frameworks/Ruby.framework/Versions/2.6/usr/include/ruby-2.6.0/universal-darwin23 -I/Applications/Xcode.app/Contents/Developer/Platforms/MacOSX.platform/Developer/SDKs/MacOSX14.5.Internal.sdk/System/Library/Frameworks/Ruby.framework/Versions/2.6/usr/include/ruby-2.6.0/ruby/backward -I/Applications/Xcode.app/Contents/Developer/Platforms/MacOSX.platform/Developer/SDKs/MacOSX14.5.Internal.sdk/System/Library/Frameworks/Ruby.framework/Versions/2.6/usr/include/ruby-2.6.0 -I. -I/Applications/Xcode.app/Contents/Developer/Platforms/MacOSX.platform/Developer/SDKs/MacOSX14.5.Internal.sdk/usr/include -I/Applications/Xcode.app/Contents/Developer/Platforms/MacOSX.platform/Developer/SDKs/MacOSX14.5.Internal.sdk/usr/include/libxml2 -D_XOPEN_SOURCE -D_DARWIN_C_SOURCE -D_DARWIN_UNLIMITED_SELECT -D_REENTRANT    -g -Os -pipe -DHAVE_GCC_ATOMIC_BUILTINS -DUSE_FFI_CLOSURE_ALLOC -std=c99 -Wno-declaration-after-statement -g -Winline -Wmissing-noreturn -I/Library/Caches/com.apple.xbs/Binaries/RubyGems/install/TempContent/Root/System/Library/Frameworks/Ruby.framework/Versions/2.6/usr/lib/ruby/gems/2.6.0/gems/nokogiri-1.13.8/ext/nokogiri/ports/universal.x86_64-darwin23/libgumbo/1.0.0-nokogiri/include conftest.c  -L. -L/System/Library/Frameworks/Ruby.framework/Versions/2.6/usr/lib -L/Applications/Xcode.app/Contents/Developer/Platforms/MacOSX.platform/Developer/SDKs/MacOSX14.5.Internal.sdk/usr/lib -L/Library/Caches/com.apple.xbs/Binaries/RubyGems/install/TempContent/Root/System/Library/Frameworks/Ruby.framework/Versions/2.6/usr/lib/ruby/gems/2.6.0/gems/nokogiri-1.13.8/ext/nokogiri/ports/universal.x86_64-darwin23/libgumbo/1.0.0-nokogiri/lib -L. -L/AppleInternal/Library/BuildRoots/91a344b1-f985-11ee-b563-fe8bc7981bff/Applications/Xcode.app/Contents/Developer/Platforms/MacOSX.platform/Developer/SDKs/MacOSX14.5.Internal.sdk/usr/local/lib  -arch arm64e -arch x86_64  -lexslt -lxslt -lxml2 -lz  /Library/Caches/com.apple.xbs/Binaries/RubyGems/install/TempContent/Root/System/Library/Frameworks/Ruby.framework/Versions/2.6/usr/lib/ruby/gems/2.6.0/gems/nokogiri-1.13.8/ext/nokogiri/ports/universal.x86_64-darwin23/libgumbo/1.0.0-nokogiri/lib/libgumbo.a -lruby.2.6 -lexslt -lxslt -lxml2 -lz  /Library/Caches/com.apple.xbs/Binaries/RubyGems/install/TempContent/Root/System/Library/Frameworks/Ruby.framework/Versions/2.6/usr/lib/ruby/gems/2.6.0/gems/nokogiri-1.13.8/ext/nokogiri/ports/universal.x86_64-darwin23/libgumbo/1.0.0-nokogiri/lib/libgumbo.a  "
conftest.c:14:57: error: use of undeclared identifier 'xmlSchemaSetParserStructuredErrors'
int t(void) { void ((*volatile p)()); p = (void ((*)()))xmlSchemaSetParserStructuredErrors; return !p; }
                                                        ^
1 error generated.
checked program was:
/* begin */
 1: #include "ruby.h"
 2: 
 3: /*top*/
 4: extern int t(void);
 5: int main(int argc, char **argv)
 6: {
 7:   if (argc > 1000000) {
 8:     int (* volatile tp)(void)=(int (*)(void))&t;
 9:     printf("%d", (*tp)());
10:   }
11: 
12:   return 0;
13: }
14: int t(void) { void ((*volatile p)()); p = (void ((*)()))xmlSchemaSetParserStructuredErrors; return !p; }
/* end */

"xcrun clang -o conftest -I/Applications/Xcode.app/Contents/Developer/Platforms/MacOSX.platform/Developer/SDKs/MacOSX14.5.Internal.sdk/System/Library/Frameworks/Ruby.framework/Versions/2.6/usr/include/ruby-2.6.0/universal-darwin23 -I/Applications/Xcode.app/Contents/Developer/Platforms/MacOSX.platform/Developer/SDKs/MacOSX14.5.Internal.sdk/System/Library/Frameworks/Ruby.framework/Versions/2.6/usr/include/ruby-2.6.0/ruby/backward -I/Applications/Xcode.app/Contents/Developer/Platforms/MacOSX.platform/Developer/SDKs/MacOSX14.5.Internal.sdk/System/Library/Frameworks/Ruby.framework/Versions/2.6/usr/include/ruby-2.6.0 -I. -I/Applications/Xcode.app/Contents/Developer/Platforms/MacOSX.platform/Developer/SDKs/MacOSX14.5.Internal.sdk/usr/include -I/Applications/Xcode.app/Contents/Developer/Platforms/MacOSX.platform/Developer/SDKs/MacOSX14.5.Internal.sdk/usr/include/libxml2 -D_XOPEN_SOURCE -D_DARWIN_C_SOURCE -D_DARWIN_UNLIMITED_SELECT -D_REENTRANT    -g -Os -pipe -DHAVE_GCC_ATOMIC_BUILTINS -DUSE_FFI_CLOSURE_ALLOC -std=c99 -Wno-declaration-after-statement -g -Winline -Wmissing-noreturn -I/Library/Caches/com.apple.xbs/Binaries/RubyGems/install/TempContent/Root/System/Library/Frameworks/Ruby.framework/Versions/2.6/usr/lib/ruby/gems/2.6.0/gems/nokogiri-1.13.8/ext/nokogiri/ports/universal.x86_64-darwin23/libgumbo/1.0.0-nokogiri/include conftest.c  -L. -L/System/Library/Frameworks/Ruby.framework/Versions/2.6/usr/lib -L/Applications/Xcode.app/Contents/Developer/Platforms/MacOSX.platform/Developer/SDKs/MacOSX14.5.Internal.sdk/usr/lib -L/Library/Caches/com.apple.xbs/Binaries/RubyGems/install/TempContent/Root/System/Library/Frameworks/Ruby.framework/Versions/2.6/usr/lib/ruby/gems/2.6.0/gems/nokogiri-1.13.8/ext/nokogiri/ports/universal.x86_64-darwin23/libgumbo/1.0.0-nokogiri/lib -L. -L/AppleInternal/Library/BuildRoots/91a344b1-f985-11ee-b563-fe8bc7981bff/Applications/Xcode.app/Contents/Developer/Platforms/MacOSX.platform/Developer/SDKs/MacOSX14.5.Internal.sdk/usr/local/lib  -arch arm64e -arch x86_64  -lexslt -lxslt -lxml2 -lz  /Library/Caches/com.apple.xbs/Binaries/RubyGems/install/TempContent/Root/System/Library/Frameworks/Ruby.framework/Versions/2.6/usr/lib/ruby/gems/2.6.0/gems/nokogiri-1.13.8/ext/nokogiri/ports/universal.x86_64-darwin23/libgumbo/1.0.0-nokogiri/lib/libgumbo.a -lruby.2.6 -lexslt -lxslt -lxml2 -lz  /Library/Caches/com.apple.xbs/Binaries/RubyGems/install/TempContent/Root/System/Library/Frameworks/Ruby.framework/Versions/2.6/usr/lib/ruby/gems/2.6.0/gems/nokogiri-1.13.8/ext/nokogiri/ports/universal.x86_64-darwin23/libgumbo/1.0.0-nokogiri/lib/libgumbo.a  "
ld: warning: directory not found for option '-L/AppleInternal/Library/BuildRoots/91a344b1-f985-11ee-b563-fe8bc7981bff/Applications/Xcode.app/Contents/Developer/Platforms/MacOSX.platform/Developer/SDKs/MacOSX14.5.Internal.sdk/usr/local/lib'
ld: warning: directory not found for option '-L/AppleInternal/Library/BuildRoots/91a344b1-f985-11ee-b563-fe8bc7981bff/Applications/Xcode.app/Contents/Developer/Platforms/MacOSX.platform/Developer/SDKs/MacOSX14.5.Internal.sdk/usr/local/lib'
checked program was:
/* begin */
 1: #include "ruby.h"
 2: 
 3: /*top*/
 4: extern int t(void);
 5: int main(int argc, char **argv)
 6: {
 7:   if (argc > 1000000) {
 8:     int (* volatile tp)(void)=(int (*)(void))&t;
 9:     printf("%d", (*tp)());
10:   }
11: 
12:   return 0;
13: }
14: extern void xmlSchemaSetParserStructuredErrors();
15: int t(void) { xmlSchemaSetParserStructuredErrors(); return 0; }
/* end */

--------------------

have_func: checking for rb_gc_location()... -------------------- no

"xcrun clang -o conftest -I/Applications/Xcode.app/Contents/Developer/Platforms/MacOSX.platform/Developer/SDKs/MacOSX14.5.Internal.sdk/System/Library/Frameworks/Ruby.framework/Versions/2.6/usr/include/ruby-2.6.0/universal-darwin23 -I/Applications/Xcode.app/Contents/Developer/Platforms/MacOSX.platform/Developer/SDKs/MacOSX14.5.Internal.sdk/System/Library/Frameworks/Ruby.framework/Versions/2.6/usr/include/ruby-2.6.0/ruby/backward -I/Applications/Xcode.app/Contents/Developer/Platforms/MacOSX.platform/Developer/SDKs/MacOSX14.5.Internal.sdk/System/Library/Frameworks/Ruby.framework/Versions/2.6/usr/include/ruby-2.6.0 -I. -I/Applications/Xcode.app/Contents/Developer/Platforms/MacOSX.platform/Developer/SDKs/MacOSX14.5.Internal.sdk/usr/include -I/Applications/Xcode.app/Contents/Developer/Platforms/MacOSX.platform/Developer/SDKs/MacOSX14.5.Internal.sdk/usr/include/libxml2 -D_XOPEN_SOURCE -D_DARWIN_C_SOURCE -D_DARWIN_UNLIMITED_SELECT -D_REENTRANT    -g -Os -pipe -DHAVE_GCC_ATOMIC_BUILTINS -DUSE_FFI_CLOSURE_ALLOC -std=c99 -Wno-declaration-after-statement -g -Winline -Wmissing-noreturn -I/Library/Caches/com.apple.xbs/Binaries/RubyGems/install/TempContent/Root/System/Library/Frameworks/Ruby.framework/Versions/2.6/usr/lib/ruby/gems/2.6.0/gems/nokogiri-1.13.8/ext/nokogiri/ports/universal.x86_64-darwin23/libgumbo/1.0.0-nokogiri/include conftest.c  -L. -L/System/Library/Frameworks/Ruby.framework/Versions/2.6/usr/lib -L/Applications/Xcode.app/Contents/Developer/Platforms/MacOSX.platform/Developer/SDKs/MacOSX14.5.Internal.sdk/usr/lib -L/Library/Caches/com.apple.xbs/Binaries/RubyGems/install/TempContent/Root/System/Library/Frameworks/Ruby.framework/Versions/2.6/usr/lib/ruby/gems/2.6.0/gems/nokogiri-1.13.8/ext/nokogiri/ports/universal.x86_64-darwin23/libgumbo/1.0.0-nokogiri/lib -L. -L/AppleInternal/Library/BuildRoots/91a344b1-f985-11ee-b563-fe8bc7981bff/Applications/Xcode.app/Contents/Developer/Platforms/MacOSX.platform/Developer/SDKs/MacOSX14.5.Internal.sdk/usr/local/lib  -arch arm64e -arch x86_64  -lexslt -lxslt -lxml2 -lz  /Library/Caches/com.apple.xbs/Binaries/RubyGems/install/TempContent/Root/System/Library/Frameworks/Ruby.framework/Versions/2.6/usr/lib/ruby/gems/2.6.0/gems/nokogiri-1.13.8/ext/nokogiri/ports/universal.x86_64-darwin23/libgumbo/1.0.0-nokogiri/lib/libgumbo.a -lruby.2.6 -lexslt -lxslt -lxml2 -lz  /Library/Caches/com.apple.xbs/Binaries/RubyGems/install/TempContent/Root/System/Library/Frameworks/Ruby.framework/Versions/2.6/usr/lib/ruby/gems/2.6.0/gems/nokogiri-1.13.8/ext/nokogiri/ports/universal.x86_64-darwin23/libgumbo/1.0.0-nokogiri/lib/libgumbo.a  "
conftest.c:14:57: error: use of undeclared identifier 'rb_gc_location'
int t(void) { void ((*volatile p)()); p = (void ((*)()))rb_gc_location; return !p; }
                                                        ^
1 error generated.
checked program was:
/* begin */
 1: #include "ruby.h"
 2: 
 3: /*top*/
 4: extern int t(void);
 5: int main(int argc, char **argv)
 6: {
 7:   if (argc > 1000000) {
 8:     int (* volatile tp)(void)=(int (*)(void))&t;
 9:     printf("%d", (*tp)());
10:   }
11: 
12:   return 0;
13: }
14: int t(void) { void ((*volatile p)()); p = (void ((*)()))rb_gc_location; return !p; }
/* end */

"xcrun clang -o conftest -I/Applications/Xcode.app/Contents/Developer/Platforms/MacOSX.platform/Developer/SDKs/MacOSX14.5.Internal.sdk/System/Library/Frameworks/Ruby.framework/Versions/2.6/usr/include/ruby-2.6.0/universal-darwin23 -I/Applications/Xcode.app/Contents/Developer/Platforms/MacOSX.platform/Developer/SDKs/MacOSX14.5.Internal.sdk/System/Library/Frameworks/Ruby.framework/Versions/2.6/usr/include/ruby-2.6.0/ruby/backward -I/Applications/Xcode.app/Contents/Developer/Platforms/MacOSX.platform/Developer/SDKs/MacOSX14.5.Internal.sdk/System/Library/Frameworks/Ruby.framework/Versions/2.6/usr/include/ruby-2.6.0 -I. -I/Applications/Xcode.app/Contents/Developer/Platforms/MacOSX.platform/Developer/SDKs/MacOSX14.5.Internal.sdk/usr/include -I/Applications/Xcode.app/Contents/Developer/Platforms/MacOSX.platform/Developer/SDKs/MacOSX14.5.Internal.sdk/usr/include/libxml2 -D_XOPEN_SOURCE -D_DARWIN_C_SOURCE -D_DARWIN_UNLIMITED_SELECT -D_REENTRANT    -g -Os -pipe -DHAVE_GCC_ATOMIC_BUILTINS -DUSE_FFI_CLOSURE_ALLOC -std=c99 -Wno-declaration-after-statement -g -Winline -Wmissing-noreturn -I/Library/Caches/com.apple.xbs/Binaries/RubyGems/install/TempContent/Root/System/Library/Frameworks/Ruby.framework/Versions/2.6/usr/lib/ruby/gems/2.6.0/gems/nokogiri-1.13.8/ext/nokogiri/ports/universal.x86_64-darwin23/libgumbo/1.0.0-nokogiri/include conftest.c  -L. -L/System/Library/Frameworks/Ruby.framework/Versions/2.6/usr/lib -L/Applications/Xcode.app/Contents/Developer/Platforms/MacOSX.platform/Developer/SDKs/MacOSX14.5.Internal.sdk/usr/lib -L/Library/Caches/com.apple.xbs/Binaries/RubyGems/install/TempContent/Root/System/Library/Frameworks/Ruby.framework/Versions/2.6/usr/lib/ruby/gems/2.6.0/gems/nokogiri-1.13.8/ext/nokogiri/ports/universal.x86_64-darwin23/libgumbo/1.0.0-nokogiri/lib -L. -L/AppleInternal/Library/BuildRoots/91a344b1-f985-11ee-b563-fe8bc7981bff/Applications/Xcode.app/Contents/Developer/Platforms/MacOSX.platform/Developer/SDKs/MacOSX14.5.Internal.sdk/usr/local/lib  -arch arm64e -arch x86_64  -lexslt -lxslt -lxml2 -lz  /Library/Caches/com.apple.xbs/Binaries/RubyGems/install/TempContent/Root/System/Library/Frameworks/Ruby.framework/Versions/2.6/usr/lib/ruby/gems/2.6.0/gems/nokogiri-1.13.8/ext/nokogiri/ports/universal.x86_64-darwin23/libgumbo/1.0.0-nokogiri/lib/libgumbo.a -lruby.2.6 -lexslt -lxslt -lxml2 -lz  /Library/Caches/com.apple.xbs/Binaries/RubyGems/install/TempContent/Root/System/Library/Frameworks/Ruby.framework/Versions/2.6/usr/lib/ruby/gems/2.6.0/gems/nokogiri-1.13.8/ext/nokogiri/ports/universal.x86_64-darwin23/libgumbo/1.0.0-nokogiri/lib/libgumbo.a  "
ld: warning: directory not found for option '-L/AppleInternal/Library/BuildRoots/91a344b1-f985-11ee-b563-fe8bc7981bff/Applications/Xcode.app/Contents/Developer/Platforms/MacOSX.platform/Developer/SDKs/MacOSX14.5.Internal.sdk/usr/local/lib'
Undefined symbols for architecture arm64e:
  "_rb_gc_location", referenced from:
      _t in conftest-arm64e.o
ld: symbol(s) not found for architecture arm64e
clang: error: linker command failed with exit code 1 (use -v to see invocation)
checked program was:
/* begin */
 1: #include "ruby.h"
 2: 
 3: /*top*/
 4: extern int t(void);
 5: int main(int argc, char **argv)
 6: {
 7:   if (argc > 1000000) {
 8:     int (* volatile tp)(void)=(int (*)(void))&t;
 9:     printf("%d", (*tp)());
10:   }
11: 
12:   return 0;
13: }
14: extern void rb_gc_location();
15: int t(void) { rb_gc_location(); return 0; }
/* end */

--------------------

have_func: checking for rb_category_warning()... -------------------- no

"xcrun clang -o conftest -I/Applications/Xcode.app/Contents/Developer/Platforms/MacOSX.platform/Developer/SDKs/MacOSX14.5.Internal.sdk/System/Library/Frameworks/Ruby.framework/Versions/2.6/usr/include/ruby-2.6.0/universal-darwin23 -I/Applications/Xcode.app/Contents/Developer/Platforms/MacOSX.platform/Developer/SDKs/MacOSX14.5.Internal.sdk/System/Library/Frameworks/Ruby.framework/Versions/2.6/usr/include/ruby-2.6.0/ruby/backward -I/Applications/Xcode.app/Contents/Developer/Platforms/MacOSX.platform/Developer/SDKs/MacOSX14.5.Internal.sdk/System/Library/Frameworks/Ruby.framework/Versions/2.6/usr/include/ruby-2.6.0 -I. -I/Applications/Xcode.app/Contents/Developer/Platforms/MacOSX.platform/Developer/SDKs/MacOSX14.5.Internal.sdk/usr/include -I/Applications/Xcode.app/Contents/Developer/Platforms/MacOSX.platform/Developer/SDKs/MacOSX14.5.Internal.sdk/usr/include/libxml2 -D_XOPEN_SOURCE -D_DARWIN_C_SOURCE -D_DARWIN_UNLIMITED_SELECT -D_REENTRANT    -g -Os -pipe -DHAVE_GCC_ATOMIC_BUILTINS -DUSE_FFI_CLOSURE_ALLOC -std=c99 -Wno-declaration-after-statement -g -Winline -Wmissing-noreturn -I/Library/Caches/com.apple.xbs/Binaries/RubyGems/install/TempContent/Root/System/Library/Frameworks/Ruby.framework/Versions/2.6/usr/lib/ruby/gems/2.6.0/gems/nokogiri-1.13.8/ext/nokogiri/ports/universal.x86_64-darwin23/libgumbo/1.0.0-nokogiri/include conftest.c  -L. -L/System/Library/Frameworks/Ruby.framework/Versions/2.6/usr/lib -L/Applications/Xcode.app/Contents/Developer/Platforms/MacOSX.platform/Developer/SDKs/MacOSX14.5.Internal.sdk/usr/lib -L/Library/Caches/com.apple.xbs/Binaries/RubyGems/install/TempContent/Root/System/Library/Frameworks/Ruby.framework/Versions/2.6/usr/lib/ruby/gems/2.6.0/gems/nokogiri-1.13.8/ext/nokogiri/ports/universal.x86_64-darwin23/libgumbo/1.0.0-nokogiri/lib -L. -L/AppleInternal/Library/BuildRoots/91a344b1-f985-11ee-b563-fe8bc7981bff/Applications/Xcode.app/Contents/Developer/Platforms/MacOSX.platform/Developer/SDKs/MacOSX14.5.Internal.sdk/usr/local/lib  -arch arm64e -arch x86_64  -lexslt -lxslt -lxml2 -lz  /Library/Caches/com.apple.xbs/Binaries/RubyGems/install/TempContent/Root/System/Library/Frameworks/Ruby.framework/Versions/2.6/usr/lib/ruby/gems/2.6.0/gems/nokogiri-1.13.8/ext/nokogiri/ports/universal.x86_64-darwin23/libgumbo/1.0.0-nokogiri/lib/libgumbo.a -lruby.2.6 -lexslt -lxslt -lxml2 -lz  /Library/Caches/com.apple.xbs/Binaries/RubyGems/install/TempContent/Root/System/Library/Frameworks/Ruby.framework/Versions/2.6/usr/lib/ruby/gems/2.6.0/gems/nokogiri-1.13.8/ext/nokogiri/ports/universal.x86_64-darwin23/libgumbo/1.0.0-nokogiri/lib/libgumbo.a  "
conftest.c:14:57: error: use of undeclared identifier 'rb_category_warning'
int t(void) { void ((*volatile p)()); p = (void ((*)()))rb_category_warning; return !p; }
                                                        ^
1 error generated.
checked program was:
/* begin */
 1: #include "ruby.h"
 2: 
 3: /*top*/
 4: extern int t(void);
 5: int main(int argc, char **argv)
 6: {
 7:   if (argc > 1000000) {
 8:     int (* volatile tp)(void)=(int (*)(void))&t;
 9:     printf("%d", (*tp)());
10:   }
11: 
12:   return 0;
13: }
14: int t(void) { void ((*volatile p)()); p = (void ((*)()))rb_category_warning; return !p; }
/* end */

"xcrun clang -o conftest -I/Applications/Xcode.app/Contents/Developer/Platforms/MacOSX.platform/Developer/SDKs/MacOSX14.5.Internal.sdk/System/Library/Frameworks/Ruby.framework/Versions/2.6/usr/include/ruby-2.6.0/universal-darwin23 -I/Applications/Xcode.app/Contents/Developer/Platforms/MacOSX.platform/Developer/SDKs/MacOSX14.5.Internal.sdk/System/Library/Frameworks/Ruby.framework/Versions/2.6/usr/include/ruby-2.6.0/ruby/backward -I/Applications/Xcode.app/Contents/Developer/Platforms/MacOSX.platform/Developer/SDKs/MacOSX14.5.Internal.sdk/System/Library/Frameworks/Ruby.framework/Versions/2.6/usr/include/ruby-2.6.0 -I. -I/Applications/Xcode.app/Contents/Developer/Platforms/MacOSX.platform/Developer/SDKs/MacOSX14.5.Internal.sdk/usr/include -I/Applications/Xcode.app/Contents/Developer/Platforms/MacOSX.platform/Developer/SDKs/MacOSX14.5.Internal.sdk/usr/include/libxml2 -D_XOPEN_SOURCE -D_DARWIN_C_SOURCE -D_DARWIN_UNLIMITED_SELECT -D_REENTRANT    -g -Os -pipe -DHAVE_GCC_ATOMIC_BUILTINS -DUSE_FFI_CLOSURE_ALLOC -std=c99 -Wno-declaration-after-statement -g -Winline -Wmissing-noreturn -I/Library/Caches/com.apple.xbs/Binaries/RubyGems/install/TempContent/Root/System/Library/Frameworks/Ruby.framework/Versions/2.6/usr/lib/ruby/gems/2.6.0/gems/nokogiri-1.13.8/ext/nokogiri/ports/universal.x86_64-darwin23/libgumbo/1.0.0-nokogiri/include conftest.c  -L. -L/System/Library/Frameworks/Ruby.framework/Versions/2.6/usr/lib -L/Applications/Xcode.app/Contents/Developer/Platforms/MacOSX.platform/Developer/SDKs/MacOSX14.5.Internal.sdk/usr/lib -L/Library/Caches/com.apple.xbs/Binaries/RubyGems/install/TempContent/Root/System/Library/Frameworks/Ruby.framework/Versions/2.6/usr/lib/ruby/gems/2.6.0/gems/nokogiri-1.13.8/ext/nokogiri/ports/universal.x86_64-darwin23/libgumbo/1.0.0-nokogiri/lib -L. -L/AppleInternal/Library/BuildRoots/91a344b1-f985-11ee-b563-fe8bc7981bff/Applications/Xcode.app/Contents/Developer/Platforms/MacOSX.platform/Developer/SDKs/MacOSX14.5.Internal.sdk/usr/local/lib  -arch arm64e -arch x86_64  -lexslt -lxslt -lxml2 -lz  /Library/Caches/com.apple.xbs/Binaries/RubyGems/install/TempContent/Root/System/Library/Frameworks/Ruby.framework/Versions/2.6/usr/lib/ruby/gems/2.6.0/gems/nokogiri-1.13.8/ext/nokogiri/ports/universal.x86_64-darwin23/libgumbo/1.0.0-nokogiri/lib/libgumbo.a -lruby.2.6 -lexslt -lxslt -lxml2 -lz  /Library/Caches/com.apple.xbs/Binaries/RubyGems/install/TempContent/Root/System/Library/Frameworks/Ruby.framework/Versions/2.6/usr/lib/ruby/gems/2.6.0/gems/nokogiri-1.13.8/ext/nokogiri/ports/universal.x86_64-darwin23/libgumbo/1.0.0-nokogiri/lib/libgumbo.a  "
ld: warning: directory not found for option '-L/AppleInternal/Library/BuildRoots/91a344b1-f985-11ee-b563-fe8bc7981bff/Applications/Xcode.app/Contents/Developer/Platforms/MacOSX.platform/Developer/SDKs/MacOSX14.5.Internal.sdk/usr/local/lib'
Undefined symbols for architecture arm64e:
  "_rb_category_warning", referenced from:
      _t in conftest-arm64e.o
ld: symbol(s) not found for architecture arm64e
clang: error: linker command failed with exit code 1 (use -v to see invocation)
checked program was:
/* begin */
 1: #include "ruby.h"
 2: 
 3: /*top*/
 4: extern int t(void);
 5: int main(int argc, char **argv)
 6: {
 7:   if (argc > 1000000) {
 8:     int (* volatile tp)(void)=(int (*)(void))&t;
 9:     printf("%d", (*tp)());
10:   }
11: 
12:   return 0;
13: }
14: extern void rb_category_warning();
15: int t(void) { rb_category_warning(); return 0; }
/* end */

--------------------

have_func: checking for vasprintf()... -------------------- yes

"xcrun clang -o conftest -I/Applications/Xcode.app/Contents/Developer/Platforms/MacOSX.platform/Developer/SDKs/MacOSX14.5.Internal.sdk/System/Library/Frameworks/Ruby.framework/Versions/2.6/usr/include/ruby-2.6.0/universal-darwin23 -I/Applications/Xcode.app/Contents/Developer/Platforms/MacOSX.platform/Developer/SDKs/MacOSX14.5.Internal.sdk/System/Library/Frameworks/Ruby.framework/Versions/2.6/usr/include/ruby-2.6.0/ruby/backward -I/Applications/Xcode.app/Contents/Developer/Platforms/MacOSX.platform/Developer/SDKs/MacOSX14.5.Internal.sdk/System/Library/Frameworks/Ruby.framework/Versions/2.6/usr/include/ruby-2.6.0 -I. -I/Applications/Xcode.app/Contents/Developer/Platforms/MacOSX.platform/Developer/SDKs/MacOSX14.5.Internal.sdk/usr/include -I/Applications/Xcode.app/Contents/Developer/Platforms/MacOSX.platform/Developer/SDKs/MacOSX14.5.Internal.sdk/usr/include/libxml2 -D_XOPEN_SOURCE -D_DARWIN_C_SOURCE -D_DARWIN_UNLIMITED_SELECT -D_REENTRANT    -g -Os -pipe -DHAVE_GCC_ATOMIC_BUILTINS -DUSE_FFI_CLOSURE_ALLOC -std=c99 -Wno-declaration-after-statement -g -Winline -Wmissing-noreturn -I/Library/Caches/com.apple.xbs/Binaries/RubyGems/install/TempContent/Root/System/Library/Frameworks/Ruby.framework/Versions/2.6/usr/lib/ruby/gems/2.6.0/gems/nokogiri-1.13.8/ext/nokogiri/ports/universal.x86_64-darwin23/libgumbo/1.0.0-nokogiri/include conftest.c  -L. -L/System/Library/Frameworks/Ruby.framework/Versions/2.6/usr/lib -L/Applications/Xcode.app/Contents/Developer/Platforms/MacOSX.platform/Developer/SDKs/MacOSX14.5.Internal.sdk/usr/lib -L/Library/Caches/com.apple.xbs/Binaries/RubyGems/install/TempContent/Root/System/Library/Frameworks/Ruby.framework/Versions/2.6/usr/lib/ruby/gems/2.6.0/gems/nokogiri-1.13.8/ext/nokogiri/ports/universal.x86_64-darwin23/libgumbo/1.0.0-nokogiri/lib -L. -L/AppleInternal/Library/BuildRoots/91a344b1-f985-11ee-b563-fe8bc7981bff/Applications/Xcode.app/Contents/Developer/Platforms/MacOSX.platform/Developer/SDKs/MacOSX14.5.Internal.sdk/usr/local/lib  -arch arm64e -arch x86_64  -lexslt -lxslt -lxml2 -lz  /Library/Caches/com.apple.xbs/Binaries/RubyGems/install/TempContent/Root/System/Library/Frameworks/Ruby.framework/Versions/2.6/usr/lib/ruby/gems/2.6.0/gems/nokogiri-1.13.8/ext/nokogiri/ports/universal.x86_64-darwin23/libgumbo/1.0.0-nokogiri/lib/libgumbo.a -lruby.2.6 -lexslt -lxslt -lxml2 -lz  /Library/Caches/com.apple.xbs/Binaries/RubyGems/install/TempContent/Root/System/Library/Frameworks/Ruby.framework/Versions/2.6/usr/lib/ruby/gems/2.6.0/gems/nokogiri-1.13.8/ext/nokogiri/ports/universal.x86_64-darwin23/libgumbo/1.0.0-nokogiri/lib/libgumbo.a  "
ld: warning: directory not found for option '-L/AppleInternal/Library/BuildRoots/91a344b1-f985-11ee-b563-fe8bc7981bff/Applications/Xcode.app/Contents/Developer/Platforms/MacOSX.platform/Developer/SDKs/MacOSX14.5.Internal.sdk/usr/local/lib'
ld: warning: directory not found for option '-L/AppleInternal/Library/BuildRoots/91a344b1-f985-11ee-b563-fe8bc7981bff/Applications/Xcode.app/Contents/Developer/Platforms/MacOSX.platform/Developer/SDKs/MacOSX14.5.Internal.sdk/usr/local/lib'
checked program was:
/* begin */
 1: #include "ruby.h"
 2: 
 3: /*top*/
 4: extern int t(void);
 5: int main(int argc, char **argv)
 6: {
 7:   if (argc > 1000000) {
 8:     int (* volatile tp)(void)=(int (*)(void))&t;
 9:     printf("%d", (*tp)());
10:   }
11: 
12:   return 0;
13: }
14: int t(void) { void ((*volatile p)()); p = (void ((*)()))vasprintf; return !p; }
/* end */

--------------------

block in append_cppflags: checking for whether -DNOKOGIRI_OTHER_LIBRARY_VERSIONS="\"libgumbo:1.0.0-nokogiri\"" is accepted as CPPFLAGS... -------------------- yes

"xcrun clang -I/Applications/Xcode.app/Contents/Developer/Platforms/MacOSX.platform/Developer/SDKs/MacOSX14.5.Internal.sdk/System/Library/Frameworks/Ruby.framework/Versions/2.6/usr/include/ruby-2.6.0/universal-darwin23 -I/Applications/Xcode.app/Contents/Developer/Platforms/MacOSX.platform/Developer/SDKs/MacOSX14.5.Internal.sdk/System/Library/Frameworks/Ruby.framework/Versions/2.6/usr/include/ruby-2.6.0/ruby/backward -I/Applications/Xcode.app/Contents/Developer/Platforms/MacOSX.platform/Developer/SDKs/MacOSX14.5.Internal.sdk/System/Library/Frameworks/Ruby.framework/Versions/2.6/usr/include/ruby-2.6.0 -I. -I/Applications/Xcode.app/Contents/Developer/Platforms/MacOSX.platform/Developer/SDKs/MacOSX14.5.Internal.sdk/usr/include -I/Applications/Xcode.app/Contents/Developer/Platforms/MacOSX.platform/Developer/SDKs/MacOSX14.5.Internal.sdk/usr/include/libxml2 -D_XOPEN_SOURCE -D_DARWIN_C_SOURCE -D_DARWIN_UNLIMITED_SELECT -D_REENTRANT    -g -Os -pipe -DHAVE_GCC_ATOMIC_BUILTINS -DUSE_FFI_CLOSURE_ALLOC -std=c99 -Wno-declaration-after-statement -g -Winline -Wmissing-noreturn -I/Library/Caches/com.apple.xbs/Binaries/RubyGems/install/TempContent/Root/System/Library/Frameworks/Ruby.framework/Versions/2.6/usr/lib/ruby/gems/2.6.0/gems/nokogiri-1.13.8/ext/nokogiri/ports/universal.x86_64-darwin23/libgumbo/1.0.0-nokogiri/include -arch arm64e -arch x86_64 -DNOKOGIRI_OTHER_LIBRARY_VERSIONS="\"libgumbo:1.0.0-nokogiri\"" -c conftest.c"
checked program was:
/* begin */
1: #include "ruby.h"
2: 
3: int main(int argc, char **argv)
4: {
5:   return 0;
6: }
/* end */

--------------------

